<testsuite errors="0" failures="1" name="" tests="6743" time="101.365">
<testcase classname="buildbot.test.integration.interop.test_commandmixin.CommandMixinMaster" name="test_commandmixin" time="0.127"/>
<testcase classname="buildbot.test.integration.interop.test_commandmixin.CommandMixinMasterMsgPack" name="test_commandmixin" time="0.099"/>
<testcase classname="buildbot.test.integration.interop.test_commandmixin.CommandMixinMasterPB" name="test_commandmixin" time="0.089"/>
<testcase classname="buildbot.test.integration.interop.test_compositestepmixin.CompositeStepMixinMaster" name="test_compositemixin" time="0.145"/>
<testcase classname="buildbot.test.integration.interop.test_compositestepmixin.CompositeStepMixinMaster" name="test_compositemixin_rmdir_list" time="0.096"/>
<testcase classname="buildbot.test.integration.interop.test_compositestepmixin.CompositeStepMixinMasterMsgPack" name="test_compositemixin" time="0.111"/>
<testcase classname="buildbot.test.integration.interop.test_compositestepmixin.CompositeStepMixinMasterMsgPack" name="test_compositemixin_mkdir_rmdir_lists" time="0.116"/>
<testcase classname="buildbot.test.integration.interop.test_compositestepmixin.CompositeStepMixinMasterMsgPack" name="test_compositemixin_rmdir_list" time="0.110"/>
<testcase classname="buildbot.test.integration.interop.test_compositestepmixin.CompositeStepMixinMasterPb" name="test_compositemixin" time="0.104"/>
<testcase classname="buildbot.test.integration.interop.test_compositestepmixin.CompositeStepMixinMasterPb" name="test_compositemixin_rmdir_list" time="0.122"/>
<testcase classname="buildbot.test.integration.interop.test_integration_secrets.SecretsConfig" name="test_secretReconfig_0_with_interpolation" time="0.153"/>
<testcase classname="buildbot.test.integration.interop.test_integration_secrets.SecretsConfig" name="test_secretReconfig_1_plain_command" time="0.084"/>
<testcase classname="buildbot.test.integration.interop.test_integration_secrets.SecretsConfig" name="test_secret_0_with_interpolation" time="0.099"/>
<testcase classname="buildbot.test.integration.interop.test_integration_secrets.SecretsConfig" name="test_secret_1_plain_command" time="0.085"/>
<testcase classname="buildbot.test.integration.interop.test_integration_secrets.SecretsConfigMsgPack" name="test_secretReconfig_0_with_interpolation" time="0.108"/>
<testcase classname="buildbot.test.integration.interop.test_integration_secrets.SecretsConfigMsgPack" name="test_secretReconfig_1_plain_command" time="0.095"/>
<testcase classname="buildbot.test.integration.interop.test_integration_secrets.SecretsConfigMsgPack" name="test_secret_0_with_interpolation" time="0.109"/>
<testcase classname="buildbot.test.integration.interop.test_integration_secrets.SecretsConfigMsgPack" name="test_secret_1_plain_command" time="0.153"/>
<testcase classname="buildbot.test.integration.interop.test_integration_secrets.SecretsConfigPB" name="test_secretReconfig_0_with_interpolation" time="0.110"/>
<testcase classname="buildbot.test.integration.interop.test_integration_secrets.SecretsConfigPB" name="test_secretReconfig_1_plain_command" time="0.096"/>
<testcase classname="buildbot.test.integration.interop.test_integration_secrets.SecretsConfigPB" name="test_secret_0_with_interpolation" time="0.103"/>
<testcase classname="buildbot.test.integration.interop.test_integration_secrets.SecretsConfigPB" name="test_secret_1_plain_command" time="0.090"/>
<testcase classname="buildbot.test.integration.interop.test_interruptcommand.InterruptCommand" name="test_interrupt" time="1.092"/>
<testcase classname="buildbot.test.integration.interop.test_interruptcommand.InterruptCommandMsgPack" name="test_interrupt" time="1.113"/>
<testcase classname="buildbot.test.integration.interop.test_interruptcommand.InterruptCommandPb" name="test_interrupt" time="1.108"/>
<testcase classname="buildbot.test.integration.interop.test_setpropertyfromcommand.SetPropertyFromCommand" name="test_setProp" time="0.413"/>
<testcase classname="buildbot.test.integration.interop.test_setpropertyfromcommand.SetPropertyFromCommandMsgPack" name="test_setProp" time="0.314"/>
<testcase classname="buildbot.test.integration.interop.test_setpropertyfromcommand.SetPropertyFromCommandPB" name="test_setProp" time="0.309"/>
<testcase classname="buildbot.test.integration.interop.test_transfer.TransferStepsMasterNull" name="test_globTransfer" time="0.097"/>
<testcase classname="buildbot.test.integration.interop.test_transfer.TransferStepsMasterNull" name="test_no_exist_directory_upload" time="0.062"/>
<testcase classname="buildbot.test.integration.interop.test_transfer.TransferStepsMasterNull" name="test_no_exist_file_upload" time="0.061"/>
<testcase classname="buildbot.test.integration.interop.test_transfer.TransferStepsMasterNull" name="test_no_exist_multiple_file_upload" time="0.060"/>
<testcase classname="buildbot.test.integration.interop.test_transfer.TransferStepsMasterNull" name="test_transfer" time="0.166"/>
<testcase classname="buildbot.test.integration.interop.test_transfer.TransferStepsMasterPb" name="test_globTransfer" time="0.108"/>
<testcase classname="buildbot.test.integration.interop.test_transfer.TransferStepsMasterPb" name="test_no_exist_directory_upload" time="0.066"/>
<testcase classname="buildbot.test.integration.interop.test_transfer.TransferStepsMasterPb" name="test_no_exist_file_upload" time="0.065"/>
<testcase classname="buildbot.test.integration.interop.test_transfer.TransferStepsMasterPb" name="test_no_exist_multiple_file_upload" time="0.064"/>
<testcase classname="buildbot.test.integration.interop.test_transfer.TransferStepsMasterPb" name="test_transfer" time="0.171"/>
<testcase classname="buildbot.test.integration.interop.test_worker_reconnect.WorkerReconnectMsgPack" name="test_eventually_reconnect" time="2.148"/>
<testcase classname="buildbot.test.integration.interop.test_worker_reconnect.WorkerReconnectPb" name="test_eventually_reconnect" time="2.113"/>
<testcase classname="buildbot.test.integration.test_URLs.UrlForBuildMaster" name="test_url" time="0.102"/>
<testcase classname="buildbot.test.integration.test_configs.RealConfigs" name="test_0_9_0b5_api_renamed_config" time="0.019"/>
<testcase classname="buildbot.test.integration.test_configs.RealConfigs" name="test_sample_config" time="0.003"/>
<testcase classname="buildbot.test.integration.test_custom_buildstep.RunSteps" name="test_Latin1ProducingCustomBuildStep" time="0.053"/>
<testcase classname="buildbot.test.integration.test_custom_buildstep.RunSteps" name="test_all_properties" time="0.049"/>
<testcase classname="buildbot.test.integration.test_custom_buildstep.RunSteps" name="test_step_raising_buildstepfailed_in_start" time="0.047"/>
<testcase classname="buildbot.test.integration.test_custom_buildstep.RunSteps" name="test_step_raising_connectionlost_in_start" time="0.000">
<skipped>Results in infinite loop&#xA;</skipped>
</testcase>
<testcase classname="buildbot.test.integration.test_custom_buildstep.RunSteps" name="test_step_raising_exception_in_start" time="0.050"/>
<testcase classname="buildbot.test.integration.test_custom_buildstep.RunSteps" name="test_step_raising_in_log_observer" time="0.052"/>
<testcase classname="buildbot.test.integration.test_customservices.CustomServiceMaster" name="test_custom_service" time="1.117"/>
<testcase classname="buildbot.test.integration.test_download_secret_to_worker.DownloadSecretsBase" name="test_transfer_secrets_0_simple" time="0.082"/>
<testcase classname="buildbot.test.integration.test_download_secret_to_worker.DownloadSecretsBase" name="test_transfer_secrets_1_relative_to_home" time="0.002">
<skipped>Unknown error preparing test paths&#xA;</skipped>
</testcase>
<testcase classname="buildbot.test.integration.test_download_secret_to_worker.DownloadSecretsBase" name="test_transfer_secrets_2_simple_remove" time="0.152"/>
<testcase classname="buildbot.test.integration.test_download_secret_to_worker.DownloadSecretsBase" name="test_transfer_secrets_3_relative_to_home_remove" time="0.003">
<skipped>Unknown error preparing test paths&#xA;</skipped>
</testcase>
<testcase classname="buildbot.test.integration.test_download_secret_to_worker.DownloadSecretsBaseMsgPack" name="test_transfer_secrets_0_simple" time="0.063"/>
<testcase classname="buildbot.test.integration.test_download_secret_to_worker.DownloadSecretsBaseMsgPack" name="test_transfer_secrets_1_relative_to_home" time="0.002">
<skipped>Unknown error preparing test paths&#xA;</skipped>
</testcase>
<testcase classname="buildbot.test.integration.test_download_secret_to_worker.DownloadSecretsBaseMsgPack" name="test_transfer_secrets_2_simple_remove" time="0.066"/>
<testcase classname="buildbot.test.integration.test_download_secret_to_worker.DownloadSecretsBaseMsgPack" name="test_transfer_secrets_3_relative_to_home_remove" time="0.003">
<skipped>Unknown error preparing test paths&#xA;</skipped>
</testcase>
<testcase classname="buildbot.test.integration.test_download_secret_to_worker.DownloadSecretsBasePb" name="test_transfer_secrets_0_simple" time="0.061"/>
<testcase classname="buildbot.test.integration.test_download_secret_to_worker.DownloadSecretsBasePb" name="test_transfer_secrets_1_relative_to_home" time="0.002">
<skipped>Unknown error preparing test paths&#xA;</skipped>
</testcase>
<testcase classname="buildbot.test.integration.test_download_secret_to_worker.DownloadSecretsBasePb" name="test_transfer_secrets_2_simple_remove" time="0.059"/>
<testcase classname="buildbot.test.integration.test_download_secret_to_worker.DownloadSecretsBasePb" name="test_transfer_secrets_3_relative_to_home_remove" time="0.002">
<skipped>Unknown error preparing test paths&#xA;</skipped>
</testcase>
<testcase classname="buildbot.test.integration.test_graphql.GraphQL" name="test_buildrequests_builds" time="0.130"/>
<testcase classname="buildbot.test.integration.test_graphql.GraphQL" name="test_examples_from_yaml" time="0.101"/>
<testcase classname="buildbot.test.integration.test_integration_force_with_patch.ShellMaster" name="test_shell" time="0.129"/>
<testcase classname="buildbot.test.integration.test_integration_force_with_patch.ShellMaster" name="test_shell_no_patch" time="0.095"/>
<testcase classname="buildbot.test.integration.test_integration_mastershell.ShellMaster" name="test_fails" time="0.161"/>
<testcase classname="buildbot.test.integration.test_integration_mastershell.ShellMaster" name="test_interrupt" time="1.064"/>
<testcase classname="buildbot.test.integration.test_integration_mastershell.ShellMaster" name="test_logs" time="0.096"/>
<testcase classname="buildbot.test.integration.test_integration_mastershell.ShellMaster" name="test_shell" time="0.076"/>
<testcase classname="buildbot.test.integration.test_integration_scheduler_reconfigure.ShellMaster" name="test_shell" time="0.090"/>
<testcase classname="buildbot.test.integration.test_integration_secrets_with_vault.SecretsConfig" name="test_any_key" time="0.115">
<skipped>Vault integration needs docker environment to be setup&#xA;</skipped>
</testcase>
<testcase classname="buildbot.test.integration.test_integration_secrets_with_vault.SecretsConfig" name="test_key" time="0.083">
<skipped>Vault integration needs docker environment to be setup&#xA;</skipped>
</testcase>
<testcase classname="buildbot.test.integration.test_integration_secrets_with_vault.SecretsConfig" name="test_key_value" time="0.082">
<skipped>Vault integration needs docker environment to be setup&#xA;</skipped>
</testcase>
<testcase classname="buildbot.test.integration.test_integration_secrets_with_vault.SecretsConfig" name="test_nested_key" time="0.083">
<skipped>Vault integration needs docker environment to be setup&#xA;</skipped>
</testcase>
<testcase classname="buildbot.test.integration.test_integration_secrets_with_vault_hvac.TestVaultHvac" name="test_key_0_1_9_7" time="0.084">
<skipped>Vault integration needs docker environment to be setup&#xA;</skipped>
</testcase>
<testcase classname="buildbot.test.integration.test_integration_secrets_with_vault_hvac.TestVaultHvac" name="test_key_1_1_10_5" time="0.081">
<skipped>Vault integration needs docker environment to be setup&#xA;</skipped>
</testcase>
<testcase classname="buildbot.test.integration.test_integration_secrets_with_vault_hvac.TestVaultHvac" name="test_key_2_1_11_1" time="0.070">
<skipped>Vault integration needs docker environment to be setup&#xA;</skipped>
</testcase>
<testcase classname="buildbot.test.integration.test_integration_secrets_with_vault_hvac.TestVaultHvac" name="test_key_any_value_0_1_9_7" time="0.081">
<skipped>Vault integration needs docker environment to be setup&#xA;</skipped>
</testcase>
<testcase classname="buildbot.test.integration.test_integration_secrets_with_vault_hvac.TestVaultHvac" name="test_key_any_value_1_1_10_5" time="0.087">
<skipped>Vault integration needs docker environment to be setup&#xA;</skipped>
</testcase>
<testcase classname="buildbot.test.integration.test_integration_secrets_with_vault_hvac.TestVaultHvac" name="test_key_any_value_2_1_11_1" time="0.087">
<skipped>Vault integration needs docker environment to be setup&#xA;</skipped>
</testcase>
<testcase classname="buildbot.test.integration.test_integration_secrets_with_vault_hvac.TestVaultHvac" name="test_nested_key_0_1_9_7" time="0.097">
<skipped>Vault integration needs docker environment to be setup&#xA;</skipped>
</testcase>
<testcase classname="buildbot.test.integration.test_integration_secrets_with_vault_hvac.TestVaultHvac" name="test_nested_key_1_1_10_5" time="0.094">
<skipped>Vault integration needs docker environment to be setup&#xA;</skipped>
</testcase>
<testcase classname="buildbot.test.integration.test_integration_secrets_with_vault_hvac.TestVaultHvac" name="test_nested_key_2_1_11_1" time="0.089">
<skipped>Vault integration needs docker environment to be setup&#xA;</skipped>
</testcase>
<testcase classname="buildbot.test.integration.test_integration_template.ShellMaster" name="test_shell" time="0.084"/>
<testcase classname="buildbot.test.integration.test_integration_with_secrets.SecretsConfig" name="test_secret" time="0.085"/>
<testcase classname="buildbot.test.integration.test_integration_with_secrets.SecretsConfig" name="test_withsecrets" time="0.082"/>
<testcase classname="buildbot.test.integration.test_locks.TestReconfig" name="test_changing_max_lock_count_does_not_break_builder_locks_0" time="0.167"/>
<testcase classname="buildbot.test.integration.test_locks.TestReconfig" name="test_changing_max_lock_count_does_not_break_builder_locks_1" time="0.097"/>
<testcase classname="buildbot.test.integration.test_locks.TestReconfig" name="test_changing_max_lock_count_does_not_break_builder_locks_2" time="0.099"/>
<testcase classname="buildbot.test.integration.test_locks.TestReconfig" name="test_changing_max_lock_count_does_not_break_builder_locks_3" time="0.103"/>
<testcase classname="buildbot.test.integration.test_locks.TestReconfig" name="test_changing_max_lock_count_does_not_break_builder_locks_4" time="0.072"/>
<testcase classname="buildbot.test.integration.test_locks.TestReconfig" name="test_changing_max_lock_count_does_not_break_builder_locks_5" time="0.074"/>
<testcase classname="buildbot.test.integration.test_locks.TestReconfig" name="test_changing_max_lock_count_does_not_break_builder_locks_6" time="0.073"/>
<testcase classname="buildbot.test.integration.test_locks.TestReconfig" name="test_changing_max_lock_count_does_not_break_builder_locks_7" time="0.072"/>
<testcase classname="buildbot.test.integration.test_locks.TestReconfig" name="test_changing_max_lock_count_does_not_break_step_locks_0" time="0.087"/>
<testcase classname="buildbot.test.integration.test_locks.TestReconfig" name="test_changing_max_lock_count_does_not_break_step_locks_1" time="0.083"/>
<testcase classname="buildbot.test.integration.test_locks.TestReconfig" name="test_changing_max_lock_count_does_not_break_step_locks_2" time="0.148"/>
<testcase classname="buildbot.test.integration.test_locks.TestReconfig" name="test_changing_max_lock_count_does_not_break_step_locks_3" time="0.084"/>
<testcase classname="buildbot.test.integration.test_locks.TestReconfig" name="test_changing_max_lock_count_does_not_break_step_locks_4" time="0.068"/>
<testcase classname="buildbot.test.integration.test_locks.TestReconfig" name="test_changing_max_lock_count_does_not_break_step_locks_5" time="0.070"/>
<testcase classname="buildbot.test.integration.test_locks.TestReconfig" name="test_changing_max_lock_count_does_not_break_step_locks_6" time="0.066"/>
<testcase classname="buildbot.test.integration.test_locks.TestReconfig" name="test_changing_max_lock_count_does_not_break_step_locks_7" time="0.066"/>
<testcase classname="buildbot.test.integration.test_locks.Tests" name="test_builder_lock_prevents_concurrent_builds_0" time="0.069"/>
<testcase classname="buildbot.test.integration.test_locks.Tests" name="test_builder_lock_prevents_concurrent_builds_1" time="0.069"/>
<testcase classname="buildbot.test.integration.test_locks.Tests" name="test_builder_lock_prevents_concurrent_builds_2" time="0.067"/>
<testcase classname="buildbot.test.integration.test_locks.Tests" name="test_builder_lock_prevents_concurrent_builds_3" time="0.129"/>
<testcase classname="buildbot.test.integration.test_locks.Tests" name="test_builder_lock_release_wakes_builds_for_another_builder_0_counting" time="0.070"/>
<testcase classname="buildbot.test.integration.test_locks.Tests" name="test_builder_lock_release_wakes_builds_for_another_builder_1_exclusive" time="0.072"/>
<testcase classname="buildbot.test.integration.test_locks.Tests" name="test_step_lock_prevents_concurrent_builds_0" time="0.064"/>
<testcase classname="buildbot.test.integration.test_locks.Tests" name="test_step_lock_prevents_concurrent_builds_1" time="0.064"/>
<testcase classname="buildbot.test.integration.test_locks.Tests" name="test_step_lock_prevents_concurrent_builds_2" time="0.064"/>
<testcase classname="buildbot.test.integration.test_locks.Tests" name="test_step_lock_prevents_concurrent_builds_3" time="0.064"/>
<testcase classname="buildbot.test.integration.test_log_finish.TestLog" name="test_mastershellcommand" time="0.074"/>
<testcase classname="buildbot.test.integration.test_log_finish.TestLog" name="test_mastershellcommand_issue" time="0.072"/>
<testcase classname="buildbot.test.integration.test_log_finish.TestLog" name="test_shellcommand" time="0.088"/>
<testcase classname="buildbot.test.integration.test_master.RunMaster" name="test_master1" time="0.120"/>
<testcase classname="buildbot.test.integration.test_master.RunMaster" name="test_master2" time="0.040"/>
<testcase classname="buildbot.test.integration.test_notifier.NotifierMaster" name="test_missing_worker" time="0.056"/>
<testcase classname="buildbot.test.integration.test_notifier.NotifierMaster" name="test_notifiy_for_build" time="0.092"/>
<testcase classname="buildbot.test.integration.test_notifier.NotifierMaster" name="test_notifiy_for_buildset" time="0.096"/>
<testcase classname="buildbot.test.integration.test_process_botmaster.Tests" name="test_terminates_ping_on_shutdown_quick_mode" time="0.044"/>
<testcase classname="buildbot.test.integration.test_process_botmaster.Tests" name="test_terminates_ping_on_shutdown_slow_mode" time="0.047"/>
<testcase classname="buildbot.test.integration.test_setup_entrypoints.TestSetupPyEntryPoints" name="test_changes" time="0.113"/>
<testcase classname="buildbot.test.integration.test_setup_entrypoints.TestSetupPyEntryPoints" name="test_reporters" time="0.195"/>
<testcase classname="buildbot.test.integration.test_setup_entrypoints.TestSetupPyEntryPoints" name="test_schedulers" time="0.072"/>
<testcase classname="buildbot.test.integration.test_setup_entrypoints.TestSetupPyEntryPoints" name="test_secrets" time="0.051"/>
<testcase classname="buildbot.test.integration.test_setup_entrypoints.TestSetupPyEntryPoints" name="test_steps" time="0.696"/>
<testcase classname="buildbot.test.integration.test_setup_entrypoints.TestSetupPyEntryPoints" name="test_util" time="0.656"/>
<testcase classname="buildbot.test.integration.test_setup_entrypoints.TestSetupPyEntryPoints" name="test_webhooks" time="0.011"/>
<testcase classname="buildbot.test.integration.test_setup_entrypoints.TestSetupPyEntryPoints" name="test_workers" time="0.053"/>
<testcase classname="buildbot.test.integration.test_stop_build.ShellMaster" name="test_shell" time="0.057"/>
<testcase classname="buildbot.test.integration.test_stop_trigger.TriggeringMaster" name="testTriggerRunsForever" time="0.072"/>
<testcase classname="buildbot.test.integration.test_stop_trigger.TriggeringMaster" name="testTriggerRunsForeverAfterCmdStarted" time="5.117"/>
<testcase classname="buildbot.test.integration.test_stop_trigger.TriggeringMaster" name="testTriggeredBuildIsNotCreated" time="0.066"/>
<testcase classname="buildbot.test.integration.test_telegram_bot.TelegramBot" name="testLoadState" time="0.061"/>
<testcase classname="buildbot.test.integration.test_telegram_bot.TelegramBot" name="testMissingWorker" time="0.042"/>
<testcase classname="buildbot.test.integration.test_telegram_bot.TelegramBot" name="testReconfig" time="0.036"/>
<testcase classname="buildbot.test.integration.test_telegram_bot.TelegramBot" name="testSaveState" time="0.043"/>
<testcase classname="buildbot.test.integration.test_telegram_bot.TelegramBot" name="testWebhook" time="0.034"/>
<testcase classname="buildbot.test.integration.test_trigger.TriggeringMaster" name="test_trigger" time="0.166"/>
<testcase classname="buildbot.test.integration.test_trigger.TriggeringMaster" name="test_trigger_failure" time="0.217"/>
<testcase classname="buildbot.test.integration.test_try_client.Schedulers" name="test_jobdir_no_wait" time="0.045"/>
<testcase classname="buildbot.test.integration.test_try_client.Schedulers" name="test_jobdir_wait" time="0.045"/>
<testcase classname="buildbot.test.integration.test_try_client.Schedulers" name="test_userpass_list_builders" time="0.035"/>
<testcase classname="buildbot.test.integration.test_try_client.Schedulers" name="test_userpass_no_wait" time="0.042"/>
<testcase classname="buildbot.test.integration.test_try_client.Schedulers" name="test_userpass_wait" time="0.064"/>
<testcase classname="buildbot.test.integration.test_try_client.Schedulers" name="test_userpass_wait_bytes" time="0.064"/>
<testcase classname="buildbot.test.integration.test_try_client.Schedulers" name="test_userpass_wait_dryrun" time="0.113"/>
<testcase classname="buildbot.test.integration.test_try_client_e2e.TryClientE2E" name="test_shell" time="0.000">
<skipped>Flaky test (http://trac.buildbot.net/ticket/7084) - set $RUN_FLAKY_TESTS to run anyway&#xA;</skipped>
</testcase>
<testcase classname="buildbot.test.integration.test_upgrade.UpgradeTestEmpty" name="test_emptydb_modelmatches" time="0.220"/>
<testcase classname="buildbot.test.integration.test_upgrade.UpgradeTestV087p1" name="test_upgrade" time="0.019"/>
<testcase classname="buildbot.test.integration.test_upgrade.UpgradeTestV090b4" name="test_upgrade" time="0.010"/>
<testcase classname="buildbot.test.integration.test_upgrade.UpgradeTestV2_10_5" name="test_got_invalid_sqlite_file" time="0.006"/>
<testcase classname="buildbot.test.integration.test_upgrade.UpgradeTestV2_10_5" name="test_got_invalid_sqlite_file2" time="0.006"/>
<testcase classname="buildbot.test.integration.test_upgrade.UpgradeTestV2_10_5" name="test_upgrade" time="0.181"/>
<testcase classname="buildbot.test.integration.test_usePty.ShellMaster" name="test_NOusePTY" time="0.084"/>
<testcase classname="buildbot.test.integration.test_usePty.ShellMaster" name="test_usePTY" time="0.085"/>
<testcase classname="buildbot.test.integration.test_virtual_builder.ShellMaster" name="test_shell" time="0.090"/>
<testcase classname="buildbot.test.integration.test_worker.Tests" name="test_latent_max_builds" time="0.054"/>
<testcase classname="buildbot.test.integration.test_worker.Tests" name="test_local_worker_max_builds" time="0.051"/>
<testcase classname="buildbot.test.integration.test_worker.Tests" name="test_step_with_worker_build_props_during_worker_disconnect" time="0.049"/>
<testcase classname="buildbot.test.integration.test_worker.Tests" name="test_worker_os_release_info_roundtrip" time="0.032"/>
<testcase classname="buildbot.test.integration.test_worker.Tests" name="test_worker_reconfigure_with_new_builder" time="0.036"/>
<testcase classname="buildbot.test.integration.test_worker.Tests" name="test_worker_registered_to_machine" time="0.113"/>
<testcase classname="buildbot.test.integration.test_worker_comm.TestWorkerComm" name="test_connect_disconnect" time="0.006"/>
<testcase classname="buildbot.test.integration.test_worker_comm.TestWorkerComm" name="test_tls_connect_disconnect" time="0.012"/>
<testcase classname="buildbot.test.integration.test_worker_comm.TestWorkerComm" name="test_worker_info" time="0.006"/>
<testcase classname="buildbot.test.integration.test_worker_kubernetes.KubernetesMaster" name="test_trigger" time="0.001">
<skipped>kubernetes integration tests only run when environment variable TEST_KUBERNETES is set&#xA;</skipped>
</testcase>
<testcase classname="buildbot.test.integration.test_worker_kubernetes.KubernetesMasterTReq" name="test_trigger" time="0.000">
<skipped>kubernetes integration tests only run when environment variable TEST_KUBERNETES is set&#xA;</skipped>
</testcase>
<testcase classname="buildbot.test.integration.test_worker_latent.Latent" name="test_build_stop_with_cancelled_during_substantiation" time="0.040"/>
<testcase classname="buildbot.test.integration.test_worker_latent.Latent" name="test_build_stop_with_retry_during_substantiation" time="0.051"/>
<testcase classname="buildbot.test.integration.test_worker_latent.Latent" name="test_failed_ping_get_requeued" time="0.052"/>
<testcase classname="buildbot.test.integration.test_worker_latent.Latent" name="test_failed_sendBuilderList_get_requeued" time="0.051"/>
<testcase classname="buildbot.test.integration.test_worker_latent.Latent" name="test_failed_substantiations_get_exception" time="0.048"/>
<testcase classname="buildbot.test.integration.test_worker_latent.Latent" name="test_failed_substantiations_get_requeued" time="0.047"/>
<testcase classname="buildbot.test.integration.test_worker_latent.Latent" name="test_insubstantiation_during_substantiation_refuses_substantiation" time="0.048"/>
<testcase classname="buildbot.test.integration.test_worker_latent.Latent" name="test_latent_workers_start_in_parallel" time="0.063"/>
<testcase classname="buildbot.test.integration.test_worker_latent.Latent" name="test_negative_build_timeout_insubstantiates_on_master_shutdown" time="0.044"/>
<testcase classname="buildbot.test.integration.test_worker_latent.Latent" name="test_negative_build_timeout_no_disconnect_insubstantiating" time="0.054"/>
<testcase classname="buildbot.test.integration.test_worker_latent.Latent" name="test_negative_build_timeout_reattach_insubstantiating" time="0.152"/>
<testcase classname="buildbot.test.integration.test_worker_latent.Latent" name="test_negative_build_timeout_reattach_substantiated" time="0.065"/>
<testcase classname="buildbot.test.integration.test_worker_latent.Latent" name="test_reconfigservice_during_substantiation_clean_shutdown_after_0_after_start_instance_no_worker" time="0.040"/>
<testcase classname="buildbot.test.integration.test_worker_latent.Latent" name="test_reconfigservice_during_substantiation_clean_shutdown_after_1_after_start_instance_with_worker" time="0.048"/>
<testcase classname="buildbot.test.integration.test_worker_latent.Latent" name="test_reconfigservice_during_substantiation_clean_shutdown_after_2_before_start_instance_no_worker" time="0.041"/>
<testcase classname="buildbot.test.integration.test_worker_latent.Latent" name="test_reconfigservice_during_substantiation_clean_shutdown_after_3_before_start_instance_with_worker" time="0.051"/>
<testcase classname="buildbot.test.integration.test_worker_latent.Latent" name="test_refused_substantiations_get_requeued" time="0.045"/>
<testcase classname="buildbot.test.integration.test_worker_latent.Latent" name="test_rejects_build_on_instance_with_different_type_timeout_nonzero" time="0.070"/>
<testcase classname="buildbot.test.integration.test_worker_latent.Latent" name="test_rejects_build_on_instance_with_different_type_timeout_zero" time="0.066"/>
<testcase classname="buildbot.test.integration.test_worker_latent.Latent" name="test_sever_connection_before_ping_then_timeout_get_requeued" time="0.068"/>
<testcase classname="buildbot.test.integration.test_worker_latent.Latent" name="test_sever_connection_during_insubstantiation" time="0.066"/>
<testcase classname="buildbot.test.integration.test_worker_latent.Latent" name="test_sever_connection_during_insubstantiation_and_buildrequest" time="0.063"/>
<testcase classname="buildbot.test.integration.test_worker_latent.Latent" name="test_sever_connection_while_building" time="0.149"/>
<testcase classname="buildbot.test.integration.test_worker_latent.Latent" name="test_stalled_substantiation_then_check_instance_fails_get_requeued" time="0.046"/>
<testcase classname="buildbot.test.integration.test_worker_latent.Latent" name="test_stalled_substantiation_then_timeout_get_requeued" time="0.045"/>
<testcase classname="buildbot.test.integration.test_worker_latent.Latent" name="test_stop_instance_synchronous_exception" time="0.062"/>
<testcase classname="buildbot.test.integration.test_worker_latent.Latent" name="test_stopservice_during_insubstantiation_completes" time="0.048"/>
<testcase classname="buildbot.test.integration.test_worker_latent.Latent" name="test_stopservice_during_substantiation_completes_0_with_substantiation_failure" time="0.053"/>
<testcase classname="buildbot.test.integration.test_worker_latent.Latent" name="test_stopservice_during_substantiation_completes_1_without_worker_connecting" time="0.055"/>
<testcase classname="buildbot.test.integration.test_worker_latent.Latent" name="test_stopservice_during_substantiation_completes_2_with_worker_connecting" time="0.048"/>
<testcase classname="buildbot.test.integration.test_worker_latent.Latent" name="test_substantiation_cancelled_by_insubstantiation_when_waiting_for_insubstantiation" time="0.061"/>
<testcase classname="buildbot.test.integration.test_worker_latent.Latent" name="test_substantiation_during_stop_instance" time="0.063"/>
<testcase classname="buildbot.test.integration.test_worker_latent.Latent" name="test_substantiation_during_stop_instance_canStartBuild_race" time="0.071"/>
<testcase classname="buildbot.test.integration.test_worker_latent.Latent" name="test_substantiation_is_cancelled_by_build_stop" time="0.126"/>
<testcase classname="buildbot.test.integration.test_worker_latent.Latent" name="test_supports_no_build_for_substantiation" time="0.033"/>
<testcase classname="buildbot.test.integration.test_worker_latent.Latent" name="test_supports_no_build_for_substantiation_accepts_build_later" time="0.049"/>
<testcase classname="buildbot.test.integration.test_worker_latent.Latent" name="test_very_late_detached_after_substantiation" time="0.063"/>
<testcase classname="buildbot.test.integration.test_worker_latent.Latent" name="test_worker_accepts_builds_after_failure" time="0.073"/>
<testcase classname="buildbot.test.integration.test_worker_latent.Latent" name="test_worker_close_connection_while_building" time="0.064"/>
<testcase classname="buildbot.test.integration.test_worker_latent.Latent" name="test_worker_multiple_substantiations_succeed" time="0.060"/>
<testcase classname="buildbot.test.integration.test_worker_latent.LatentWithLatentMachine" name="test_1worker_does_not_stop_machine_machine_after_timeout_during_build" time="0.063"/>
<testcase classname="buildbot.test.integration.test_worker_latent.LatentWithLatentMachine" name="test_1worker_eats_exception_from_start_machine" time="0.050"/>
<testcase classname="buildbot.test.integration.test_worker_latent.LatentWithLatentMachine" name="test_1worker_eats_exception_from_stop_machine" time="0.052"/>
<testcase classname="buildbot.test.integration.test_worker_latent.LatentWithLatentMachine" name="test_1worker_insubstantiated_after_start_failure" time="0.049"/>
<testcase classname="buildbot.test.integration.test_worker_latent.LatentWithLatentMachine" name="test_1worker_starts_and_stops_after_single_build_failure" time="0.050"/>
<testcase classname="buildbot.test.integration.test_worker_latent.LatentWithLatentMachine" name="test_1worker_starts_and_stops_after_single_build_success" time="0.126"/>
<testcase classname="buildbot.test.integration.test_worker_latent.LatentWithLatentMachine" name="test_1worker_stops_machine_after_timeout" time="0.050"/>
<testcase classname="buildbot.test.integration.test_worker_latent.LatentWithLatentMachine" name="test_2workers_build_substantiates_insubstantiates_both_workers" time="0.109"/>
<testcase classname="buildbot.test.integration.test_worker_latent.LatentWithLatentMachine" name="test_2workers_insubstantiated_after_one_start_failure" time="0.059"/>
<testcase classname="buildbot.test.integration.test_worker_latent.LatentWithLatentMachine" name="test_2workers_two_builds_start_machine_concurrently" time="0.075"/>
<testcase classname="buildbot.test.integration.test_worker_marathon.MarathonMaster" name="test_trigger" time="0.001">
<skipped>marathon integration tests only run when environment variable BBTEST_MARATHON_URL is with url to Marathon api &#xA;</skipped>
</testcase>
<testcase classname="buildbot.test.integration.test_worker_proxy.ProxyCommandMixinMasterPB" name="test_commandmixin" time="1.461"/>
<testcase classname="buildbot.test.integration.test_worker_proxy.ProxyCompositeStepMixinMasterPb" name="test_compositemixin" time="1.271"/>
<testcase classname="buildbot.test.integration.test_worker_proxy.ProxyCompositeStepMixinMasterPb" name="test_compositemixin_rmdir_list" time="1.389"/>
<testcase classname="buildbot.test.integration.test_worker_proxy.ProxyInterruptCommandPb" name="test_interrupt" time="2.608"/>
<testcase classname="buildbot.test.integration.test_worker_proxy.ProxySecretsConfigPB" name="test_secretReconfig_0_with_interpolation" time="1.520"/>
<testcase classname="buildbot.test.integration.test_worker_proxy.ProxySecretsConfigPB" name="test_secretReconfig_1_plain_command" time="1.492"/>
<testcase classname="buildbot.test.integration.test_worker_proxy.ProxySecretsConfigPB" name="test_secret_0_with_interpolation" time="1.304"/>
<testcase classname="buildbot.test.integration.test_worker_proxy.ProxySecretsConfigPB" name="test_secret_1_plain_command" time="1.351"/>
<testcase classname="buildbot.test.integration.test_worker_proxy.ProxySetPropertyFromCommandPB" name="test_setProp" time="1.623"/>
<testcase classname="buildbot.test.integration.test_worker_proxy.ProxyTransferStepsMasterPb" name="test_globTransfer" time="1.322"/>
<testcase classname="buildbot.test.integration.test_worker_proxy.ProxyTransferStepsMasterPb" name="test_no_exist_directory_upload" time="1.310"/>
<testcase classname="buildbot.test.integration.test_worker_proxy.ProxyTransferStepsMasterPb" name="test_no_exist_file_upload" time="1.446"/>
<testcase classname="buildbot.test.integration.test_worker_proxy.ProxyTransferStepsMasterPb" name="test_no_exist_multiple_file_upload" time="1.395"/>
<testcase classname="buildbot.test.integration.test_worker_proxy.ProxyTransferStepsMasterPb" name="test_transfer" time="1.685"/>
<testcase classname="buildbot.test.integration.test_worker_proxy.ProxyWorkerReconnect" name="test_eventually_reconnect" time="3.423"/>
<testcase classname="buildbot.test.integration.test_worker_upcloud.UpcloudMaster" name="test_trigger" time="0.001">
<skipped>upcloud integration tests only run when environment variable BBTEST_UPCLOUD_CREDS is set to valid upcloud credentials &#xA;</skipped>
</testcase>
<testcase classname="buildbot.test.integration.test_worker_workerside.TestWorkerConnection" name="test_applicative_reconnection" time="4.165"/>
<testcase classname="buildbot.test.integration.test_worker_workerside.TestWorkerConnection" name="test_connect_disconnect" time="0.017"/>
<testcase classname="buildbot.test.integration.test_worker_workerside.TestWorkerConnection" name="test_pb_keepalive" time="0.224"/>
<testcase classname="buildbot.test.integration.test_worker_workerside.TestWorkerConnection" name="test_reconnect_network" time="0.011"/>
<testcase classname="buildbot.test.integration.test_www.Www" name="test_masters" time="0.033"/>
<testcase classname="buildbot.test.regressions.test_bad_change_properties_rows.TestBadRows" name="test_bogus_row_jsoned_list" time="0.010"/>
<testcase classname="buildbot.test.regressions.test_bad_change_properties_rows.TestBadRows" name="test_bogus_row_no_source" time="0.008"/>
<testcase classname="buildbot.test.regressions.test_oldpaths.OldImportPaths" name="test_buildrequest_BuildRequest" time="0.002"/>
<testcase classname="buildbot.test.regressions.test_oldpaths.OldImportPaths" name="test_buildstep_logobserver" time="0.000"/>
<testcase classname="buildbot.test.regressions.test_oldpaths.OldImportPaths" name="test_buildstep_remotecommand" time="0.000"/>
<testcase classname="buildbot.test.regressions.test_oldpaths.OldImportPaths" name="test_process_base_Build" time="0.001"/>
<testcase classname="buildbot.test.regressions.test_oldpaths.OldImportPaths" name="test_process_subunitlogobserver_SubunitShellCommand" time="0.000"/>
<testcase classname="buildbot.test.regressions.test_oldpaths.OldImportPaths" name="test_scheduler_AnyBranchScheduler" time="0.001"/>
<testcase classname="buildbot.test.regressions.test_oldpaths.OldImportPaths" name="test_scheduler_Dependent" time="0.000"/>
<testcase classname="buildbot.test.regressions.test_oldpaths.OldImportPaths" name="test_scheduler_Nightly" time="0.000"/>
<testcase classname="buildbot.test.regressions.test_oldpaths.OldImportPaths" name="test_scheduler_Periodic" time="0.000"/>
<testcase classname="buildbot.test.regressions.test_oldpaths.OldImportPaths" name="test_scheduler_Scheduler" time="0.000"/>
<testcase classname="buildbot.test.regressions.test_oldpaths.OldImportPaths" name="test_scheduler_Triggerable" time="0.000"/>
<testcase classname="buildbot.test.regressions.test_oldpaths.OldImportPaths" name="test_scheduler_Try_Jobdir" time="0.000"/>
<testcase classname="buildbot.test.regressions.test_oldpaths.OldImportPaths" name="test_scheduler_Try_Userpass" time="0.000"/>
<testcase classname="buildbot.test.regressions.test_oldpaths.OldImportPaths" name="test_scheduler_basic_Dependent" time="0.000"/>
<testcase classname="buildbot.test.regressions.test_oldpaths.OldImportPaths" name="test_schedulers_basic_Scheduler" time="0.000"/>
<testcase classname="buildbot.test.regressions.test_oldpaths.OldImportPaths" name="test_schedulers_filter_ChangeFilter" time="0.000"/>
<testcase classname="buildbot.test.regressions.test_oldpaths.OldImportPaths" name="test_steps_source_Source" time="0.000"/>
<testcase classname="buildbot.test.regressions.test_steps_shell_WarningCountingShellCommand.TestWarningCountingShellCommand" name="testSuppressingLinelessWarningsPossible" time="0.000"/>
<testcase classname="buildbot.test.unit.changes.test_base.TestChangeSource" name="test_activation" time="0.002"/>
<testcase classname="buildbot.test.unit.changes.test_base.TestPollingChangeSource" name="test_loop_exception" time="0.004"/>
<testcase classname="buildbot.test.unit.changes.test_base.TestPollingChangeSource" name="test_loop_loops" time="0.002"/>
<testcase classname="buildbot.test.unit.changes.test_base.TestPollingChangeSource" name="test_pollAtLaunch" time="0.001"/>
<testcase classname="buildbot.test.unit.changes.test_base.TestPollingChangeSource" name="test_poll_only_if_activated" time="0.001"/>
<testcase classname="buildbot.test.unit.changes.test_base.TestReconfigurablePollingChangeSource" name="test_config_negative_interval" time="0.001"/>
<testcase classname="buildbot.test.unit.changes.test_base.TestReconfigurablePollingChangeSource" name="test_config_negative_random_delay_max" time="0.001"/>
<testcase classname="buildbot.test.unit.changes.test_base.TestReconfigurablePollingChangeSource" name="test_config_negative_random_delay_min" time="0.001"/>
<testcase classname="buildbot.test.unit.changes.test_base.TestReconfigurablePollingChangeSource" name="test_config_random_delay_max_gte_interval" time="0.001"/>
<testcase classname="buildbot.test.unit.changes.test_base.TestReconfigurablePollingChangeSource" name="test_config_random_delay_min_gt_random_delay_max" time="0.001"/>
<testcase classname="buildbot.test.unit.changes.test_base.TestReconfigurablePollingChangeSource" name="test_loop_exception" time="0.002"/>
<testcase classname="buildbot.test.unit.changes.test_base.TestReconfigurablePollingChangeSource" name="test_loop_loops" time="0.002"/>
<testcase classname="buildbot.test.unit.changes.test_base.TestReconfigurablePollingChangeSource" name="test_pollAtLaunch" time="0.001"/>
<testcase classname="buildbot.test.unit.changes.test_base.TestReconfigurablePollingChangeSource" name="test_poll_only_if_activated" time="0.002"/>
<testcase classname="buildbot.test.unit.changes.test_bitbucket.TestBitbucketPullrequestPoller" name="test_describe" time="0.003"/>
<testcase classname="buildbot.test.unit.changes.test_bitbucket.TestBitbucketPullrequestPoller" name="test_poll_new_pull_requests" time="0.002"/>
<testcase classname="buildbot.test.unit.changes.test_bitbucket.TestBitbucketPullrequestPoller" name="test_poll_no_pull_requests" time="0.001"/>
<testcase classname="buildbot.test.unit.changes.test_bitbucket.TestBitbucketPullrequestPoller" name="test_poll_no_updated_pull_request" time="0.001"/>
<testcase classname="buildbot.test.unit.changes.test_bitbucket.TestBitbucketPullrequestPoller" name="test_poll_pull_request_filter_False" time="0.001"/>
<testcase classname="buildbot.test.unit.changes.test_bitbucket.TestBitbucketPullrequestPoller" name="test_poll_pull_request_filter_True" time="0.001"/>
<testcase classname="buildbot.test.unit.changes.test_bitbucket.TestBitbucketPullrequestPoller" name="test_poll_pull_request_not_useTimestamps" time="0.001"/>
<testcase classname="buildbot.test.unit.changes.test_bitbucket.TestBitbucketPullrequestPoller" name="test_poll_pull_request_properties" time="0.002"/>
<testcase classname="buildbot.test.unit.changes.test_bitbucket.TestBitbucketPullrequestPoller" name="test_poll_unknown_repo" time="0.002"/>
<testcase classname="buildbot.test.unit.changes.test_bitbucket.TestBitbucketPullrequestPoller" name="test_poll_updated_pull_request" time="0.002"/>
<testcase classname="buildbot.test.unit.changes.test_changes.Change" name="test_asDict" time="0.001"/>
<testcase classname="buildbot.test.unit.changes.test_changes.Change" name="test_asText" time="0.001"/>
<testcase classname="buildbot.test.unit.changes.test_changes.Change" name="test_compare" time="0.000"/>
<testcase classname="buildbot.test.unit.changes.test_changes.Change" name="test_fromChdict" time="0.000"/>
<testcase classname="buildbot.test.unit.changes.test_changes.Change" name="test_getLogs" time="0.000"/>
<testcase classname="buildbot.test.unit.changes.test_changes.Change" name="test_getShortAuthor" time="0.000"/>
<testcase classname="buildbot.test.unit.changes.test_changes.Change" name="test_getText" time="0.000"/>
<testcase classname="buildbot.test.unit.changes.test_changes.Change" name="test_getTime" time="0.000"/>
<testcase classname="buildbot.test.unit.changes.test_changes.Change" name="test_getTimes" time="0.000"/>
<testcase classname="buildbot.test.unit.changes.test_changes.Change" name="test_str" time="0.000"/>
<testcase classname="buildbot.test.unit.changes.test_filter.TestChangeFilter" name="test_eq_0_match" time="0.000"/>
<testcase classname="buildbot.test.unit.changes.test_filter.TestChangeFilter" name="test_eq_1_not_project" time="0.000"/>
<testcase classname="buildbot.test.unit.changes.test_filter.TestChangeFilter" name="test_eq_2_not_codebase" time="0.000"/>
<testcase classname="buildbot.test.unit.changes.test_filter.TestChangeFilter" name="test_eq_3_not_repository" time="0.000"/>
<testcase classname="buildbot.test.unit.changes.test_filter.TestChangeFilter" name="test_eq_4_not_category" time="0.000"/>
<testcase classname="buildbot.test.unit.changes.test_filter.TestChangeFilter" name="test_eq_5_not_branch" time="0.000"/>
<testcase classname="buildbot.test.unit.changes.test_filter.TestChangeFilter" name="test_eq_list_0_match" time="0.000"/>
<testcase classname="buildbot.test.unit.changes.test_filter.TestChangeFilter" name="test_eq_list_1_not_project" time="0.000"/>
<testcase classname="buildbot.test.unit.changes.test_filter.TestChangeFilter" name="test_eq_list_2_not_codebase" time="0.000"/>
<testcase classname="buildbot.test.unit.changes.test_filter.TestChangeFilter" name="test_eq_list_3_not_repository" time="0.000"/>
<testcase classname="buildbot.test.unit.changes.test_filter.TestChangeFilter" name="test_eq_list_4_not_category" time="0.000"/>
<testcase classname="buildbot.test.unit.changes.test_filter.TestChangeFilter" name="test_eq_list_5_not_branch" time="0.000"/>
<testcase classname="buildbot.test.unit.changes.test_filter.TestChangeFilter" name="test_filter_change_branch_re" time="0.000"/>
<testcase classname="buildbot.test.unit.changes.test_filter.TestChangeFilter" name="test_filter_change_combination" time="0.000"/>
<testcase classname="buildbot.test.unit.changes.test_filter.TestChangeFilter" name="test_filter_change_combination_filter_fn" time="0.000"/>
<testcase classname="buildbot.test.unit.changes.test_filter.TestChangeFilter" name="test_filter_change_filt_branch_list_None" time="0.000"/>
<testcase classname="buildbot.test.unit.changes.test_filter.TestChangeFilter" name="test_filter_change_filter_fn" time="0.000"/>
<testcase classname="buildbot.test.unit.changes.test_filter.TestChangeFilter" name="test_filter_props" time="0.000"/>
<testcase classname="buildbot.test.unit.changes.test_filter.TestChangeFilter" name="test_fn_0_match" time="0.000"/>
<testcase classname="buildbot.test.unit.changes.test_filter.TestChangeFilter" name="test_fn_1_not_project" time="0.000"/>
<testcase classname="buildbot.test.unit.changes.test_filter.TestChangeFilter" name="test_fn_2_not_codebase" time="0.000"/>
<testcase classname="buildbot.test.unit.changes.test_filter.TestChangeFilter" name="test_fn_3_not_repository" time="0.000"/>
<testcase classname="buildbot.test.unit.changes.test_filter.TestChangeFilter" name="test_fn_4_not_category" time="0.000"/>
<testcase classname="buildbot.test.unit.changes.test_filter.TestChangeFilter" name="test_fn_5_not_branch" time="0.000"/>
<testcase classname="buildbot.test.unit.changes.test_filter.TestChangeFilter" name="test_not_eq_0_match" time="0.000"/>
<testcase classname="buildbot.test.unit.changes.test_filter.TestChangeFilter" name="test_not_eq_1_not_project" time="0.000"/>
<testcase classname="buildbot.test.unit.changes.test_filter.TestChangeFilter" name="test_not_eq_2_not_codebase" time="0.000"/>
<testcase classname="buildbot.test.unit.changes.test_filter.TestChangeFilter" name="test_not_eq_3_not_repository" time="0.000"/>
<testcase classname="buildbot.test.unit.changes.test_filter.TestChangeFilter" name="test_not_eq_4_not_category" time="0.000"/>
<testcase classname="buildbot.test.unit.changes.test_filter.TestChangeFilter" name="test_not_eq_5_not_branch" time="0.000"/>
<testcase classname="buildbot.test.unit.changes.test_filter.TestChangeFilter" name="test_not_eq_list_0_match" time="0.000"/>
<testcase classname="buildbot.test.unit.changes.test_filter.TestChangeFilter" name="test_not_eq_list_1_not_project" time="0.000"/>
<testcase classname="buildbot.test.unit.changes.test_filter.TestChangeFilter" name="test_not_eq_list_2_not_codebase" time="0.000"/>
<testcase classname="buildbot.test.unit.changes.test_filter.TestChangeFilter" name="test_not_eq_list_3_not_repository" time="0.000"/>
<testcase classname="buildbot.test.unit.changes.test_filter.TestChangeFilter" name="test_not_eq_list_4_not_category" time="0.000"/>
<testcase classname="buildbot.test.unit.changes.test_filter.TestChangeFilter" name="test_not_eq_list_5_not_branch" time="0.000"/>
<testcase classname="buildbot.test.unit.changes.test_filter.TestChangeFilter" name="test_not_re_0_match" time="0.000"/>
<testcase classname="buildbot.test.unit.changes.test_filter.TestChangeFilter" name="test_not_re_1_not_project" time="0.000"/>
<testcase classname="buildbot.test.unit.changes.test_filter.TestChangeFilter" name="test_not_re_2_not_codebase" time="0.000"/>
<testcase classname="buildbot.test.unit.changes.test_filter.TestChangeFilter" name="test_not_re_3_not_repository" time="0.000"/>
<testcase classname="buildbot.test.unit.changes.test_filter.TestChangeFilter" name="test_not_re_4_not_category" time="0.000"/>
<testcase classname="buildbot.test.unit.changes.test_filter.TestChangeFilter" name="test_not_re_5_not_branch" time="0.000"/>
<testcase classname="buildbot.test.unit.changes.test_filter.TestChangeFilter" name="test_not_re_list_0_match" time="0.000"/>
<testcase classname="buildbot.test.unit.changes.test_filter.TestChangeFilter" name="test_not_re_list_1_not_project" time="0.000"/>
<testcase classname="buildbot.test.unit.changes.test_filter.TestChangeFilter" name="test_not_re_list_2_not_codebase" time="0.000"/>
<testcase classname="buildbot.test.unit.changes.test_filter.TestChangeFilter" name="test_not_re_list_3_not_repository" time="0.000"/>
<testcase classname="buildbot.test.unit.changes.test_filter.TestChangeFilter" name="test_not_re_list_4_not_category" time="0.000"/>
<testcase classname="buildbot.test.unit.changes.test_filter.TestChangeFilter" name="test_not_re_list_5_not_branch" time="0.000"/>
<testcase classname="buildbot.test.unit.changes.test_filter.TestChangeFilter" name="test_re_0_match" time="0.000"/>
<testcase classname="buildbot.test.unit.changes.test_filter.TestChangeFilter" name="test_re_1_not_project" time="0.000"/>
<testcase classname="buildbot.test.unit.changes.test_filter.TestChangeFilter" name="test_re_2_not_codebase" time="0.000"/>
<testcase classname="buildbot.test.unit.changes.test_filter.TestChangeFilter" name="test_re_3_not_repository" time="0.000"/>
<testcase classname="buildbot.test.unit.changes.test_filter.TestChangeFilter" name="test_re_4_not_category" time="0.000"/>
<testcase classname="buildbot.test.unit.changes.test_filter.TestChangeFilter" name="test_re_5_not_branch" time="0.000"/>
<testcase classname="buildbot.test.unit.changes.test_filter.TestChangeFilter" name="test_re_list_0_match" time="0.000"/>
<testcase classname="buildbot.test.unit.changes.test_filter.TestChangeFilter" name="test_re_list_1_not_project" time="0.000"/>
<testcase classname="buildbot.test.unit.changes.test_filter.TestChangeFilter" name="test_re_list_2_not_codebase" time="0.000"/>
<testcase classname="buildbot.test.unit.changes.test_filter.TestChangeFilter" name="test_re_list_3_not_repository" time="0.000"/>
<testcase classname="buildbot.test.unit.changes.test_filter.TestChangeFilter" name="test_re_list_4_not_category" time="0.000"/>
<testcase classname="buildbot.test.unit.changes.test_filter.TestChangeFilter" name="test_re_list_5_not_branch" time="0.000"/>
<testcase classname="buildbot.test.unit.changes.test_filter.TestChangeFilter" name="test_re_pattern_0_match" time="0.000"/>
<testcase classname="buildbot.test.unit.changes.test_filter.TestChangeFilter" name="test_re_pattern_1_not_project" time="0.000"/>
<testcase classname="buildbot.test.unit.changes.test_filter.TestChangeFilter" name="test_re_pattern_2_not_codebase" time="0.000"/>
<testcase classname="buildbot.test.unit.changes.test_filter.TestChangeFilter" name="test_re_pattern_3_not_repository" time="0.000"/>
<testcase classname="buildbot.test.unit.changes.test_filter.TestChangeFilter" name="test_re_pattern_4_not_category" time="0.000"/>
<testcase classname="buildbot.test.unit.changes.test_filter.TestChangeFilter" name="test_re_pattern_5_not_branch" time="0.000"/>
<testcase classname="buildbot.test.unit.changes.test_gerritchangesource.TestGerritChangeFilter" name="test_branch_fn" time="0.000"/>
<testcase classname="buildbot.test.unit.changes.test_gerritchangesource.TestGerritChangeFilter" name="test_event_type" time="0.000"/>
<testcase classname="buildbot.test.unit.changes.test_gerritchangesource.TestGerritChangeFilter" name="test_event_type_fn" time="0.000"/>
<testcase classname="buildbot.test.unit.changes.test_gerritchangesource.TestGerritChangeFilter" name="test_event_type_re" time="0.001"/>
<testcase classname="buildbot.test.unit.changes.test_gerritchangesource.TestGerritChangeSource" name="test_activate" time="0.002"/>
<testcase classname="buildbot.test.unit.changes.test_gerritchangesource.TestGerritChangeSource" name="test_custom_handler" time="0.002"/>
<testcase classname="buildbot.test.unit.changes.test_gerritchangesource.TestGerritChangeSource" name="test_describe" time="0.001"/>
<testcase classname="buildbot.test.unit.changes.test_gerritchangesource.TestGerritChangeSource" name="test_duplicate_non_source_events_not_ignored" time="0.001"/>
<testcase classname="buildbot.test.unit.changes.test_gerritchangesource.TestGerritChangeSource" name="test_failure_backoff" time="0.001"/>
<testcase classname="buildbot.test.unit.changes.test_gerritchangesource.TestGerritChangeSource" name="test_getFiles" time="0.001"/>
<testcase classname="buildbot.test.unit.changes.test_gerritchangesource.TestGerritChangeSource" name="test_getFilesFromEvent" time="0.001"/>
<testcase classname="buildbot.test.unit.changes.test_gerritchangesource.TestGerritChangeSource" name="test_handled_events_filter_false" time="0.001"/>
<testcase classname="buildbot.test.unit.changes.test_gerritchangesource.TestGerritChangeSource" name="test_handled_events_filter_true" time="0.001"/>
<testcase classname="buildbot.test.unit.changes.test_gerritchangesource.TestGerritChangeSource" name="test_line_received_comment_added" time="0.001"/>
<testcase classname="buildbot.test.unit.changes.test_gerritchangesource.TestGerritChangeSource" name="test_line_received_patchset_created" time="0.001"/>
<testcase classname="buildbot.test.unit.changes.test_gerritchangesource.TestGerritChangeSource" name="test_line_received_patchset_created_props" time="0.001"/>
<testcase classname="buildbot.test.unit.changes.test_gerritchangesource.TestGerritChangeSource" name="test_line_received_ref_updated" time="0.001"/>
<testcase classname="buildbot.test.unit.changes.test_gerritchangesource.TestGerritChangeSource" name="test_line_received_ref_updated_for_change" time="0.001"/>
<testcase classname="buildbot.test.unit.changes.test_gerritchangesource.TestGerritChangeSource" name="test_malformed_events_ignored" time="0.002"/>
<testcase classname="buildbot.test.unit.changes.test_gerritchangesource.TestGerritChangeSource" name="test_name" time="0.002"/>
<testcase classname="buildbot.test.unit.changes.test_gerritchangesource.TestGerritChangeSource" name="test_poll_after_broken_connection_0_has_ts_in_db" time="0.002"/>
<testcase classname="buildbot.test.unit.changes.test_gerritchangesource.TestGerritChangeSource" name="test_poll_after_broken_connection_1_has_no_ts_in_db" time="0.002"/>
<testcase classname="buildbot.test.unit.changes.test_gerritchangesource.TestGerritChangeSource" name="test_poll_after_broken_connection_with_message_before" time="0.002"/>
<testcase classname="buildbot.test.unit.changes.test_gerritchangesource.TestGerritChangeSource" name="test_poll_after_working_connection_but_no_messages" time="0.002"/>
<testcase classname="buildbot.test.unit.changes.test_gerritchangesource.TestGerritEventLogPoller" name="test_describe" time="0.001"/>
<testcase classname="buildbot.test.unit.changes.test_gerritchangesource.TestGerritEventLogPoller" name="test_getFiles" time="0.001"/>
<testcase classname="buildbot.test.unit.changes.test_gerritchangesource.TestGerritEventLogPoller" name="test_lineReceived_patchset_created" time="0.001"/>
<testcase classname="buildbot.test.unit.changes.test_gerritchangesource.TestGerritEventLogPoller" name="test_name" time="0.001"/>
<testcase classname="buildbot.test.unit.changes.test_gerritchangesource.TestGerritHelpers" name="test_missing_email" time="0.000"/>
<testcase classname="buildbot.test.unit.changes.test_gerritchangesource.TestGerritHelpers" name="test_missing_name" time="0.000"/>
<testcase classname="buildbot.test.unit.changes.test_gerritchangesource.TestGerritHelpers" name="test_missing_username" time="0.000"/>
<testcase classname="buildbot.test.unit.changes.test_gerritchangesource.TestGerritHelpers" name="test_proper_json" time="0.000"/>
<testcase classname="buildbot.test.unit.changes.test_github.TestGitHubPullrequestPoller" name="test_AuthormissingEmail" time="0.002"/>
<testcase classname="buildbot.test.unit.changes.test_github.TestGitHubPullrequestPoller" name="test_PRfilter" time="0.003"/>
<testcase classname="buildbot.test.unit.changes.test_github.TestGitHubPullrequestPoller" name="test_SimplePR" time="0.002"/>
<testcase classname="buildbot.test.unit.changes.test_github.TestGitHubPullrequestPoller" name="test_baseURL" time="0.002"/>
<testcase classname="buildbot.test.unit.changes.test_github.TestGitHubPullrequestPoller" name="test_custom_name" time="0.001"/>
<testcase classname="buildbot.test.unit.changes.test_github.TestGitHubPullrequestPoller" name="test_default_name" time="0.001"/>
<testcase classname="buildbot.test.unit.changes.test_github.TestGitHubPullrequestPoller" name="test_describe" time="0.001"/>
<testcase classname="buildbot.test.unit.changes.test_github.TestGitHubPullrequestPoller" name="test_failCommitters" time="0.002"/>
<testcase classname="buildbot.test.unit.changes.test_github.TestGitHubPullrequestPoller" name="test_failFiles" time="0.002"/>
<testcase classname="buildbot.test.unit.changes.test_github.TestGitHubPullrequestPoller" name="test_http_error" time="0.002"/>
<testcase classname="buildbot.test.unit.changes.test_github.TestGitHubPullrequestPoller" name="test_magicLink" time="0.002"/>
<testcase classname="buildbot.test.unit.changes.test_github.TestGitHubPullrequestPoller" name="test_project" time="0.003"/>
<testcase classname="buildbot.test.unit.changes.test_github.TestGitHubPullrequestPoller" name="test_secret_token" time="0.002"/>
<testcase classname="buildbot.test.unit.changes.test_github.TestGitHubPullrequestPoller" name="test_wrongBranch" time="0.001"/>
<testcase classname="buildbot.test.unit.changes.test_github.TestGitHubPullrequestPoller" name="test_wrongRepoLink" time="0.001"/>
<testcase classname="buildbot.test.unit.changes.test_gitpoller.TestGitPoller" name="test_checkGitFeatures_git_bad_version" time="0.001"/>
<testcase classname="buildbot.test.unit.changes.test_gitpoller.TestGitPoller" name="test_checkGitFeatures_git_not_installed" time="0.001"/>
<testcase classname="buildbot.test.unit.changes.test_gitpoller.TestGitPoller" name="test_describe" time="0.001"/>
<testcase classname="buildbot.test.unit.changes.test_gitpoller.TestGitPoller" name="test_get_commit_author" time="0.001"/>
<testcase classname="buildbot.test.unit.changes.test_gitpoller.TestGitPoller" name="test_get_commit_comments" time="0.002"/>
<testcase classname="buildbot.test.unit.changes.test_gitpoller.TestGitPoller" name="test_get_commit_committer" time="0.002"/>
<testcase classname="buildbot.test.unit.changes.test_gitpoller.TestGitPoller" name="test_get_commit_files" time="0.002"/>
<testcase classname="buildbot.test.unit.changes.test_gitpoller.TestGitPoller" name="test_get_commit_files_with_space_in_changed_files" time="0.001"/>
<testcase classname="buildbot.test.unit.changes.test_gitpoller.TestGitPoller" name="test_get_commit_timestamp" time="0.001"/>
<testcase classname="buildbot.test.unit.changes.test_gitpoller.TestGitPoller" name="test_name" time="0.001"/>
<testcase classname="buildbot.test.unit.changes.test_gitpoller.TestGitPoller" name="test_poll_GitError" time="0.002"/>
<testcase classname="buildbot.test.unit.changes.test_gitpoller.TestGitPoller" name="test_poll_GitError_log" time="0.001"/>
<testcase classname="buildbot.test.unit.changes.test_gitpoller.TestGitPoller" name="test_poll_allBranches_multiple" time="0.001"/>
<testcase classname="buildbot.test.unit.changes.test_gitpoller.TestGitPoller" name="test_poll_allBranches_single" time="0.001"/>
<testcase classname="buildbot.test.unit.changes.test_gitpoller.TestGitPoller" name="test_poll_branchFilter" time="0.001"/>
<testcase classname="buildbot.test.unit.changes.test_gitpoller.TestGitPoller" name="test_poll_callableCategory" time="0.001"/>
<testcase classname="buildbot.test.unit.changes.test_gitpoller.TestGitPoller" name="test_poll_callableFilteredBranches" time="0.001"/>
<testcase classname="buildbot.test.unit.changes.test_gitpoller.TestGitPoller" name="test_poll_failFetch" time="0.002"/>
<testcase classname="buildbot.test.unit.changes.test_gitpoller.TestGitPoller" name="test_poll_failInit" time="0.001"/>
<testcase classname="buildbot.test.unit.changes.test_gitpoller.TestGitPoller" name="test_poll_failLog" time="0.002"/>
<testcase classname="buildbot.test.unit.changes.test_gitpoller.TestGitPoller" name="test_poll_failRevParse" time="0.001"/>
<testcase classname="buildbot.test.unit.changes.test_gitpoller.TestGitPoller" name="test_poll_initial" time="0.001"/>
<testcase classname="buildbot.test.unit.changes.test_gitpoller.TestGitPoller" name="test_poll_initial_poller_not_running" time="0.001"/>
<testcase classname="buildbot.test.unit.changes.test_gitpoller.TestGitPoller" name="test_poll_multipleBranches" time="0.001"/>
<testcase classname="buildbot.test.unit.changes.test_gitpoller.TestGitPoller" name="test_poll_multipleBranches_buildPushesWithNoCommits_default" time="0.001"/>
<testcase classname="buildbot.test.unit.changes.test_gitpoller.TestGitPoller" name="test_poll_multipleBranches_buildPushesWithNoCommits_true" time="0.001"/>
<testcase classname="buildbot.test.unit.changes.test_gitpoller.TestGitPoller" name="test_poll_multipleBranches_buildPushesWithNoCommits_true_fast_forward" time="0.002"/>
<testcase classname="buildbot.test.unit.changes.test_gitpoller.TestGitPoller" name="test_poll_multipleBranches_buildPushesWithNoCommits_true_not_tip" time="0.002"/>
<testcase classname="buildbot.test.unit.changes.test_gitpoller.TestGitPoller" name="test_poll_multipleBranches_initial" time="0.002"/>
<testcase classname="buildbot.test.unit.changes.test_gitpoller.TestGitPoller" name="test_poll_noChanges" time="0.001"/>
<testcase classname="buildbot.test.unit.changes.test_gitpoller.TestGitPoller" name="test_poll_nothingNew" time="0.001"/>
<testcase classname="buildbot.test.unit.changes.test_gitpoller.TestGitPoller" name="test_poll_old" time="0.001"/>
<testcase classname="buildbot.test.unit.changes.test_gitpoller.TestGitPoller" name="test_startService" time="0.001"/>
<testcase classname="buildbot.test.unit.changes.test_gitpoller.TestGitPoller" name="test_startService_loadLastRev" time="0.001"/>
<testcase classname="buildbot.test.unit.changes.test_gitpoller.TestGitPollerConstructor" name="test_branch_and_only_tags" time="0.001"/>
<testcase classname="buildbot.test.unit.changes.test_gitpoller.TestGitPollerConstructor" name="test_branches" time="0.001"/>
<testcase classname="buildbot.test.unit.changes.test_gitpoller.TestGitPollerConstructor" name="test_branches_True" time="0.001"/>
<testcase classname="buildbot.test.unit.changes.test_gitpoller.TestGitPollerConstructor" name="test_branches_andBranch" time="0.001"/>
<testcase classname="buildbot.test.unit.changes.test_gitpoller.TestGitPollerConstructor" name="test_branches_and_only_tags" time="0.001"/>
<testcase classname="buildbot.test.unit.changes.test_gitpoller.TestGitPollerConstructor" name="test_branches_default" time="0.001"/>
<testcase classname="buildbot.test.unit.changes.test_gitpoller.TestGitPollerConstructor" name="test_branches_oldBranch" time="0.001"/>
<testcase classname="buildbot.test.unit.changes.test_gitpoller.TestGitPollerConstructor" name="test_deprecatedFetchRefspec" time="0.001"/>
<testcase classname="buildbot.test.unit.changes.test_gitpoller.TestGitPollerConstructor" name="test_gitbin_default" time="0.001"/>
<testcase classname="buildbot.test.unit.changes.test_gitpoller.TestGitPollerConstructor" name="test_oldPollInterval" time="0.002"/>
<testcase classname="buildbot.test.unit.changes.test_gitpoller.TestGitPollerConstructor" name="test_only_tags_True" time="0.001"/>
<testcase classname="buildbot.test.unit.changes.test_gitpoller.TestGitPollerWithSshHostKey" name="test_poll_initial_2_10" time="0.002"/>
<testcase classname="buildbot.test.unit.changes.test_gitpoller.TestGitPollerWithSshKnownHosts" name="test_poll_initial_2_10" time="0.001"/>
<testcase classname="buildbot.test.unit.changes.test_gitpoller.TestGitPollerWithSshPrivateKey" name="test_check_git_features_ssh_1_7" time="0.001"/>
<testcase classname="buildbot.test.unit.changes.test_gitpoller.TestGitPollerWithSshPrivateKey" name="test_poll_failFetch_git_2_10" time="0.001"/>
<testcase classname="buildbot.test.unit.changes.test_gitpoller.TestGitPollerWithSshPrivateKey" name="test_poll_initial_2_10" time="0.001"/>
<testcase classname="buildbot.test.unit.changes.test_gitpoller.TestGitPollerWithSshPrivateKey" name="test_poll_initial_2_3" time="0.001"/>
<testcase classname="buildbot.test.unit.changes.test_hgpoller.HgPollerNoTimestamp" name="test_describe" time="0.001"/>
<testcase classname="buildbot.test.unit.changes.test_hgpoller.HgPollerNoTimestamp" name="test_hgbin_default" time="0.001"/>
<testcase classname="buildbot.test.unit.changes.test_hgpoller.HgPollerNoTimestamp" name="test_name" time="0.002"/>
<testcase classname="buildbot.test.unit.changes.test_hgpoller.HgPollerNoTimestamp" name="test_poll_force_push" time="0.003"/>
<testcase classname="buildbot.test.unit.changes.test_hgpoller.HgPollerNoTimestamp" name="test_poll_initial" time="0.002"/>
<testcase classname="buildbot.test.unit.changes.test_hgpoller.HgPollerNoTimestamp" name="test_poll_regular" time="0.002"/>
<testcase classname="buildbot.test.unit.changes.test_hgpoller.HgPollerNoTimestamp" name="test_poll_several_heads" time="0.001"/>
<testcase classname="buildbot.test.unit.changes.test_hgpoller.TestHgPoller" name="test_describe" time="0.001"/>
<testcase classname="buildbot.test.unit.changes.test_hgpoller.TestHgPoller" name="test_hgbin_default" time="0.001"/>
<testcase classname="buildbot.test.unit.changes.test_hgpoller.TestHgPoller" name="test_name" time="0.001"/>
<testcase classname="buildbot.test.unit.changes.test_hgpoller.TestHgPoller" name="test_poll_force_push" time="0.001"/>
<testcase classname="buildbot.test.unit.changes.test_hgpoller.TestHgPoller" name="test_poll_initial" time="0.002"/>
<testcase classname="buildbot.test.unit.changes.test_hgpoller.TestHgPoller" name="test_poll_regular" time="0.003"/>
<testcase classname="buildbot.test.unit.changes.test_hgpoller.TestHgPoller" name="test_poll_several_heads" time="0.002"/>
<testcase classname="buildbot.test.unit.changes.test_hgpoller.TestHgPollerBookmarks" name="test_poll_initial" time="0.002"/>
<testcase classname="buildbot.test.unit.changes.test_hgpoller.TestHgPollerBookmarks" name="test_poll_regular" time="0.001"/>
<testcase classname="buildbot.test.unit.changes.test_hgpoller.TestHgPollerBranches" name="test_poll_initial" time="0.001"/>
<testcase classname="buildbot.test.unit.changes.test_hgpoller.TestHgPollerBranches" name="test_poll_regular" time="0.002"/>
<testcase classname="buildbot.test.unit.changes.test_mail.TestMaildirSource" name="test_describe" time="0.001"/>
<testcase classname="buildbot.test.unit.changes.test_mail.TestMaildirSource" name="test_messageReceived_bzr" time="0.003"/>
<testcase classname="buildbot.test.unit.changes.test_mail.TestMaildirSource" name="test_messageReceived_svn" time="0.004"/>
<testcase classname="buildbot.test.unit.changes.test_mail_CVSMaildirSource.TestCVSMaildirSource" name="test_CVSMaildirSource_create_change_from_cvs1_11msg" time="0.002"/>
<testcase classname="buildbot.test.unit.changes.test_mail_CVSMaildirSource.TestCVSMaildirSource" name="test_CVSMaildirSource_create_change_from_cvs1_12_with_no_path" time="0.001"/>
<testcase classname="buildbot.test.unit.changes.test_mail_CVSMaildirSource.TestCVSMaildirSource" name="test_CVSMaildirSource_create_change_from_cvs1_12msg" time="0.000"/>
<testcase classname="buildbot.test.unit.changes.test_mail_CVSMaildirSource.TestCVSMaildirSource" name="test_CVSMaildirSource_create_change_with_bad_cvsmode" time="0.000"/>
<testcase classname="buildbot.test.unit.changes.test_mail_CVSMaildirSource.TestCVSMaildirSource" name="test_CVSMaildirSource_create_change_with_branch" time="0.000"/>
<testcase classname="buildbot.test.unit.changes.test_mail_CVSMaildirSource.TestCVSMaildirSource" name="test_CVSMaildirSource_create_change_with_category" time="0.000"/>
<testcase classname="buildbot.test.unit.changes.test_mail_CVSMaildirSource.TestCVSMaildirSource" name="test_CVSMaildirSource_create_change_with_no_comment" time="0.000"/>
<testcase classname="buildbot.test.unit.changes.test_mail_CVSMaildirSource.TestCVSMaildirSource" name="test_CVSMaildirSource_create_change_with_no_files" time="0.000"/>
<testcase classname="buildbot.test.unit.changes.test_mail_CVSMaildirSource.TestCVSMaildirSource" name="test_CVSMaildirSource_create_change_with_no_project" time="0.000"/>
<testcase classname="buildbot.test.unit.changes.test_mail_CVSMaildirSource.TestCVSMaildirSource" name="test_CVSMaildirSource_create_change_with_no_repository" time="0.000"/>
<testcase classname="buildbot.test.unit.changes.test_mail_CVSMaildirSource.TestCVSMaildirSource" name="test_CVSMaildirSource_create_change_with_property" time="0.000"/>
<testcase classname="buildbot.test.unit.changes.test_manager.TestChangeManager" name="test_reconfigService_add" time="0.001"/>
<testcase classname="buildbot.test.unit.changes.test_manager.TestChangeManager" name="test_reconfigService_change_legacy" time="0.001"/>
<testcase classname="buildbot.test.unit.changes.test_manager.TestChangeManager" name="test_reconfigService_change_reconfigurable" time="0.001"/>
<testcase classname="buildbot.test.unit.changes.test_manager.TestChangeManager" name="test_reconfigService_remove" time="0.001"/>
<testcase classname="buildbot.test.unit.changes.test_p4poller.TestP4Poller" name="test_acquire_ticket_auth" time="0.001"/>
<testcase classname="buildbot.test.unit.changes.test_p4poller.TestP4Poller" name="test_acquire_ticket_auth_fail" time="0.001"/>
<testcase classname="buildbot.test.unit.changes.test_p4poller.TestP4Poller" name="test_describe" time="0.001"/>
<testcase classname="buildbot.test.unit.changes.test_p4poller.TestP4Poller" name="test_name" time="0.001"/>
<testcase classname="buildbot.test.unit.changes.test_p4poller.TestP4Poller" name="test_poll_failed_changes" time="0.001"/>
<testcase classname="buildbot.test.unit.changes.test_p4poller.TestP4Poller" name="test_poll_failed_describe" time="0.001"/>
<testcase classname="buildbot.test.unit.changes.test_p4poller.TestP4Poller" name="test_poll_split_file" time="0.001"/>
<testcase classname="buildbot.test.unit.changes.test_p4poller.TestP4Poller" name="test_poll_successful_default_encoding" time="0.001"/>
<testcase classname="buildbot.test.unit.changes.test_p4poller.TestP4Poller" name="test_poll_successful_macroman_encoding" time="0.002"/>
<testcase classname="buildbot.test.unit.changes.test_p4poller.TestP4Poller" name="test_poll_unicode_error" time="0.001"/>
<testcase classname="buildbot.test.unit.changes.test_p4poller.TestP4Poller" name="test_poll_unicode_error2" time="0.001"/>
<testcase classname="buildbot.test.unit.changes.test_p4poller.TestP4Poller" name="test_resolveWho_callable" time="0.001"/>
<testcase classname="buildbot.test.unit.changes.test_p4poller.TestP4Poller" name="test_server_tz" time="0.002"/>
<testcase classname="buildbot.test.unit.changes.test_p4poller.TestSplit" name="test_get_simple_split" time="0.000"/>
<testcase classname="buildbot.test.unit.changes.test_pb.TestChangePerspective" name="test_addChange_codebase" time="0.001"/>
<testcase classname="buildbot.test.unit.changes.test_pb.TestChangePerspective" name="test_addChange_files_tuple" time="0.001"/>
<testcase classname="buildbot.test.unit.changes.test_pb.TestChangePerspective" name="test_addChange_non_utf8_bytestring" time="0.001"/>
<testcase classname="buildbot.test.unit.changes.test_pb.TestChangePerspective" name="test_addChange_noprefix" time="0.001"/>
<testcase classname="buildbot.test.unit.changes.test_pb.TestChangePerspective" name="test_addChange_old_param_names" time="0.001"/>
<testcase classname="buildbot.test.unit.changes.test_pb.TestChangePerspective" name="test_addChange_prefix" time="0.001"/>
<testcase classname="buildbot.test.unit.changes.test_pb.TestChangePerspective" name="test_addChange_sanitize_None" time="0.001"/>
<testcase classname="buildbot.test.unit.changes.test_pb.TestChangePerspective" name="test_addChange_unicode" time="0.001"/>
<testcase classname="buildbot.test.unit.changes.test_pb.TestChangePerspective" name="test_addChange_unicode_as_bytestring" time="0.001"/>
<testcase classname="buildbot.test.unit.changes.test_pb.TestChangePerspective" name="test_addChange_when_None" time="0.001"/>
<testcase classname="buildbot.test.unit.changes.test_pb.TestChangePerspective" name="test_createUserObject_git_src" time="0.001"/>
<testcase classname="buildbot.test.unit.changes.test_pb.TestPBChangeSource" name="test_describe" time="0.001"/>
<testcase classname="buildbot.test.unit.changes.test_pb.TestPBChangeSource" name="test_describe_int" time="0.001"/>
<testcase classname="buildbot.test.unit.changes.test_pb.TestPBChangeSource" name="test_describe_prefix" time="0.001"/>
<testcase classname="buildbot.test.unit.changes.test_pb.TestPBChangeSource" name="test_name" time="0.001"/>
<testcase classname="buildbot.test.unit.changes.test_pb.TestPBChangeSource" name="test_no_registration_if_master_already_claimed" time="0.001"/>
<testcase classname="buildbot.test.unit.changes.test_pb.TestPBChangeSource" name="test_perspective" time="0.001"/>
<testcase classname="buildbot.test.unit.changes.test_pb.TestPBChangeSource" name="test_reconfigService_default_changed" time="0.001"/>
<testcase classname="buildbot.test.unit.changes.test_pb.TestPBChangeSource" name="test_reconfigService_default_changed_but_inactive" time="0.001"/>
<testcase classname="buildbot.test.unit.changes.test_pb.TestPBChangeSource" name="test_reconfigService_no_change" time="0.001"/>
<testcase classname="buildbot.test.unit.changes.test_pb.TestPBChangeSource" name="test_registration_custom_port" time="0.001"/>
<testcase classname="buildbot.test.unit.changes.test_pb.TestPBChangeSource" name="test_registration_global_workerport" time="0.001"/>
<testcase classname="buildbot.test.unit.changes.test_pb.TestPBChangeSource" name="test_registration_later_if_master_can_do_it" time="0.001"/>
<testcase classname="buildbot.test.unit.changes.test_pb.TestPBChangeSource" name="test_registration_no_userpass" time="0.001"/>
<testcase classname="buildbot.test.unit.changes.test_pb.TestPBChangeSource" name="test_registration_no_userpass_no_global" time="0.001"/>
<testcase classname="buildbot.test.unit.changes.test_pb.TestPBChangeSource" name="test_registration_no_workerport" time="0.001"/>
<testcase classname="buildbot.test.unit.changes.test_svnpoller.TestSVNPoller" name="test_cachepath_bogus" time="0.004"/>
<testcase classname="buildbot.test.unit.changes.test_svnpoller.TestSVNPoller" name="test_cachepath_empty" time="0.001"/>
<testcase classname="buildbot.test.unit.changes.test_svnpoller.TestSVNPoller" name="test_cachepath_full" time="0.003"/>
<testcase classname="buildbot.test.unit.changes.test_svnpoller.TestSVNPoller" name="test_constructor_pollinterval" time="0.001"/>
<testcase classname="buildbot.test.unit.changes.test_svnpoller.TestSVNPoller" name="test_create_changes" time="0.002"/>
<testcase classname="buildbot.test.unit.changes.test_svnpoller.TestSVNPoller" name="test_create_changes_overridden_project" time="0.001"/>
<testcase classname="buildbot.test.unit.changes.test_svnpoller.TestSVNPoller" name="test_describe" time="0.001"/>
<testcase classname="buildbot.test.unit.changes.test_svnpoller.TestSVNPoller" name="test_extra_args" time="0.001"/>
<testcase classname="buildbot.test.unit.changes.test_svnpoller.TestSVNPoller" name="test_get_new_logentries" time="0.001"/>
<testcase classname="buildbot.test.unit.changes.test_svnpoller.TestSVNPoller" name="test_get_prefix_1" time="0.001"/>
<testcase classname="buildbot.test.unit.changes.test_svnpoller.TestSVNPoller" name="test_get_prefix_2" time="0.001"/>
<testcase classname="buildbot.test.unit.changes.test_svnpoller.TestSVNPoller" name="test_get_prefix_3" time="0.001"/>
<testcase classname="buildbot.test.unit.changes.test_svnpoller.TestSVNPoller" name="test_get_prefix_4" time="0.001"/>
<testcase classname="buildbot.test.unit.changes.test_svnpoller.TestSVNPoller" name="test_get_text" time="0.001"/>
<testcase classname="buildbot.test.unit.changes.test_svnpoller.TestSVNPoller" name="test_log_parsing" time="0.001"/>
<testcase classname="buildbot.test.unit.changes.test_svnpoller.TestSVNPoller" name="test_name" time="0.001"/>
<testcase classname="buildbot.test.unit.changes.test_svnpoller.TestSVNPoller" name="test_poll" time="0.001"/>
<testcase classname="buildbot.test.unit.changes.test_svnpoller.TestSVNPoller" name="test_poll_empty_password" time="0.001"/>
<testcase classname="buildbot.test.unit.changes.test_svnpoller.TestSVNPoller" name="test_poll_get_logs_exception" time="0.001"/>
<testcase classname="buildbot.test.unit.changes.test_svnpoller.TestSVNPoller" name="test_poll_get_prefix_exception" time="0.001"/>
<testcase classname="buildbot.test.unit.changes.test_svnpoller.TestSVNPoller" name="test_poll_interpolated_password" time="0.001"/>
<testcase classname="buildbot.test.unit.changes.test_svnpoller.TestSVNPoller" name="test_poll_no_password" time="0.002"/>
<testcase classname="buildbot.test.unit.changes.test_svnpoller.TestSVNPoller" name="test_strip_repourl" time="0.001"/>
<testcase classname="buildbot.test.unit.changes.test_svnpoller.TestSVNPoller" name="test_use_svnurl" time="0.001"/>
<testcase classname="buildbot.test.unit.changes.test_svnpoller.TestSplitFile" name="test_split_file_alwaystrunk" time="0.000"/>
<testcase classname="buildbot.test.unit.changes.test_svnpoller.TestSplitFile" name="test_split_file_branches_branch" time="0.000"/>
<testcase classname="buildbot.test.unit.changes.test_svnpoller.TestSplitFile" name="test_split_file_branches_branch_invalid" time="0.000"/>
<testcase classname="buildbot.test.unit.changes.test_svnpoller.TestSplitFile" name="test_split_file_branches_branch_subdir" time="0.000"/>
<testcase classname="buildbot.test.unit.changes.test_svnpoller.TestSplitFile" name="test_split_file_branches_branch_subfile" time="0.000"/>
<testcase classname="buildbot.test.unit.changes.test_svnpoller.TestSplitFile" name="test_split_file_branches_otherdir" time="0.000"/>
<testcase classname="buildbot.test.unit.changes.test_svnpoller.TestSplitFile" name="test_split_file_branches_otherfile" time="0.000"/>
<testcase classname="buildbot.test.unit.changes.test_svnpoller.TestSplitFile" name="test_split_file_branches_trunk" time="0.000"/>
<testcase classname="buildbot.test.unit.changes.test_svnpoller.TestSplitFile" name="test_split_file_branches_trunk_invalid" time="0.000"/>
<testcase classname="buildbot.test.unit.changes.test_svnpoller.TestSplitFile" name="test_split_file_branches_trunk_subdir" time="0.000"/>
<testcase classname="buildbot.test.unit.changes.test_svnpoller.TestSplitFile" name="test_split_file_branches_trunk_subfile" time="0.000"/>
<testcase classname="buildbot.test.unit.changes.test_svnpoller.TestSplitFile" name="test_split_file_projects_branches" time="0.000"/>
<testcase classname="buildbot.test.unit.config.test_builder.BuilderConfigTests" name="test_args" time="0.000"/>
<testcase classname="buildbot.test.unit.config.test_builder.BuilderConfigTests" name="test_bogus_workername" time="0.000"/>
[...]
<testcase classname="buildbot.test.unit.www.test_ldapuserinfo.LdapUserInfoNotEscCharsDn" name="test_getUserInfoGroupsNotEscCharsDn" time="0.001"/>
<testcase classname="buildbot.test.unit.www.test_oauth.OAuth2Auth" name="test_BitbucketVerifyCode" time="0.009"/>
<testcase classname="buildbot.test.unit.www.test_oauth.OAuth2Auth" name="test_GitHubAuthBadApiVersion" time="0.008"/>
<testcase classname="buildbot.test.unit.www.test_oauth.OAuth2Auth" name="test_GitHubAuthRaiseErrorWithApiV3AndGetTeamMembership" time="0.007"/>
<testcase classname="buildbot.test.unit.www.test_oauth.OAuth2Auth" name="test_GithubVerifyCode" time="0.008"/>
<testcase classname="buildbot.test.unit.www.test_oauth.OAuth2Auth" name="test_GithubVerifyCode_v4" time="0.007"/>
<testcase classname="buildbot.test.unit.www.test_oauth.OAuth2Auth" name="test_GithubVerifyCode_v4_teams" time="0.008"/>
<testcase classname="buildbot.test.unit.www.test_oauth.OAuth2Auth" name="test_GitlabVerifyCode" time="0.006"/>
<testcase classname="buildbot.test.unit.www.test_oauth.OAuth2Auth" name="test_GoogleVerifyCode" time="0.007"/>
<testcase classname="buildbot.test.unit.www.test_oauth.OAuth2Auth" name="test_getBitbucketLoginURL" time="0.007"/>
<testcase classname="buildbot.test.unit.www.test_oauth.OAuth2Auth" name="test_getConfig" time="0.007"/>
<testcase classname="buildbot.test.unit.www.test_oauth.OAuth2Auth" name="test_getGitLabLoginURL" time="0.006"/>
<testcase classname="buildbot.test.unit.www.test_oauth.OAuth2Auth" name="test_getGithubELoginURL" time="0.006"/>
<testcase classname="buildbot.test.unit.www.test_oauth.OAuth2Auth" name="test_getGithubLoginURL" time="0.006"/>
<testcase classname="buildbot.test.unit.www.test_oauth.OAuth2Auth" name="test_getGithubLoginURL_v4" time="0.008"/>
<testcase classname="buildbot.test.unit.www.test_oauth.OAuth2Auth" name="test_getGithubLoginURL_with_secret" time="0.007"/>
<testcase classname="buildbot.test.unit.www.test_oauth.OAuth2Auth" name="test_getGoogleLoginURL" time="0.006"/>
<testcase classname="buildbot.test.unit.www.test_oauth.OAuth2Auth" name="test_loginResource" time="0.006"/>
<testcase classname="buildbot.test.unit.www.test_oauth.OAuth2AuthGitHubE2E" name="test_E2E" time="0.001">
<skipped>Need to pass OAUTHCONF path to json file via environ to run this e2e test&#xA;</skipped>
</testcase>
<testcase classname="buildbot.test.unit.www.test_oauth.OAuth2AuthGitLabE2E" name="test_E2E" time="0.000">
<skipped>Need to pass OAUTHCONF path to json file via environ to run this e2e test&#xA;</skipped>
</testcase>
<testcase classname="buildbot.test.unit.www.test_oauth.OAuth2AuthGoogleE2E" name="test_E2E" time="0.000">
<skipped>Need to pass OAUTHCONF path to json file via environ to run this e2e test&#xA;</skipped>
</testcase>
<testcase classname="buildbot.test.unit.www.test_resource.RedirectResource" name="test_redirect" time="0.001"/>
<testcase classname="buildbot.test.unit.www.test_resource.RedirectResource" name="test_redirect_cr_lf" time="0.001"/>
<testcase classname="buildbot.test.unit.www.test_resource.Resource" name="test_base_url" time="0.001"/>
<testcase classname="buildbot.test.unit.www.test_resource.Resource" name="test_reconfigResource_registration" time="0.001"/>
<testcase classname="buildbot.test.unit.www.test_rest.ContentTypeParser" name="test_complex" time="0.000"/>
<testcase classname="buildbot.test.unit.www.test_rest.ContentTypeParser" name="test_simple" time="0.000"/>
<testcase classname="buildbot.test.unit.www.test_rest.ContentTypeParser" name="test_text" time="0.000"/>
<testcase classname="buildbot.test.unit.www.test_rest.EndpointKindMigrationTest" name="test_is_collection" time="0.000"/>
<testcase classname="buildbot.test.unit.www.test_rest.EndpointKindMigrationTest" name="test_is_raw" time="0.000"/>
<testcase classname="buildbot.test.unit.www.test_rest.RestRootResource" name="test_render" time="0.001"/>
<testcase classname="buildbot.test.unit.www.test_rest.RestRootResource" name="test_versions" time="0.001"/>
<testcase classname="buildbot.test.unit.www.test_rest.RestRootResource" name="test_versions_limited" time="0.001"/>
<testcase classname="buildbot.test.unit.www.test_rest.V2RootResource" name="test_default_origin" time="0.001"/>
<testcase classname="buildbot.test.unit.www.test_rest.V2RootResource" name="test_failure" time="0.002"/>
<testcase classname="buildbot.test.unit.www.test_rest.V2RootResource" name="test_invalid_http_method" time="0.001"/>
<testcase classname="buildbot.test.unit.www.test_rest.V2RootResource_CORS" name="test_cors_no_origin" time="0.001"/>
<testcase classname="buildbot.test.unit.www.test_rest.V2RootResource_CORS" name="test_cors_origin_match" time="0.001"/>
<testcase classname="buildbot.test.unit.www.test_rest.V2RootResource_CORS" name="test_cors_origin_match_star" time="0.001"/>
<testcase classname="buildbot.test.unit.www.test_rest.V2RootResource_CORS" name="test_cors_origin_mismatch" time="0.001"/>
<testcase classname="buildbot.test.unit.www.test_rest.V2RootResource_CORS" name="test_cors_origin_mismatch_post" time="0.001"/>
<testcase classname="buildbot.test.unit.www.test_rest.V2RootResource_CORS" name="test_cors_origin_patterns" time="0.203"/>
<testcase classname="buildbot.test.unit.www.test_rest.V2RootResource_CORS" name="test_cors_origin_preflight_bad_method" time="0.002"/>
<testcase classname="buildbot.test.unit.www.test_rest.V2RootResource_CORS" name="test_cors_origin_preflight_bad_origin" time="0.001"/>
<testcase classname="buildbot.test.unit.www.test_rest.V2RootResource_CORS" name="test_cors_origin_preflight_match_GET" time="0.001"/>
<testcase classname="buildbot.test.unit.www.test_rest.V2RootResource_CORS" name="test_cors_origin_preflight_match_POST" time="0.001"/>
<testcase classname="buildbot.test.unit.www.test_rest.V2RootResource_JSONRPC2" name="test_authz_forbidden" time="0.001"/>
<testcase classname="buildbot.test.unit.www.test_rest.V2RootResource_JSONRPC2" name="test_bad_req_id_missing" time="0.001"/>
<testcase classname="buildbot.test.unit.www.test_rest.V2RootResource_JSONRPC2" name="test_bad_req_id_type" time="0.001"/>
<testcase classname="buildbot.test.unit.www.test_rest.V2RootResource_JSONRPC2" name="test_bad_req_jsonrpc_missing" time="0.001"/>
<testcase classname="buildbot.test.unit.www.test_rest.V2RootResource_JSONRPC2" name="test_bad_req_jsonrpc_type" time="0.001"/>
<testcase classname="buildbot.test.unit.www.test_rest.V2RootResource_JSONRPC2" name="test_bad_req_jsonrpc_value" time="0.001"/>
<testcase classname="buildbot.test.unit.www.test_rest.V2RootResource_JSONRPC2" name="test_bad_req_method_missing" time="0.001"/>
<testcase classname="buildbot.test.unit.www.test_rest.V2RootResource_JSONRPC2" name="test_bad_req_method_type" time="0.001"/>
<testcase classname="buildbot.test.unit.www.test_rest.V2RootResource_JSONRPC2" name="test_bad_req_params_missing" time="0.001"/>
<testcase classname="buildbot.test.unit.www.test_rest.V2RootResource_JSONRPC2" name="test_bad_req_params_type" time="0.001"/>
<testcase classname="buildbot.test.unit.www.test_rest.V2RootResource_JSONRPC2" name="test_bad_req_type" time="0.001"/>
<testcase classname="buildbot.test.unit.www.test_rest.V2RootResource_JSONRPC2" name="test_invalid_action" time="0.001"/>
<testcase classname="buildbot.test.unit.www.test_rest.V2RootResource_JSONRPC2" name="test_invalid_content_type" time="0.001"/>
<testcase classname="buildbot.test.unit.www.test_rest.V2RootResource_JSONRPC2" name="test_invalid_json" time="0.001"/>
<testcase classname="buildbot.test.unit.www.test_rest.V2RootResource_JSONRPC2" name="test_invalid_path" time="0.001"/>
<testcase classname="buildbot.test.unit.www.test_rest.V2RootResource_JSONRPC2" name="test_list_request" time="0.001"/>
<testcase classname="buildbot.test.unit.www.test_rest.V2RootResource_JSONRPC2" name="test_owner_with_email" time="0.001"/>
<testcase classname="buildbot.test.unit.www.test_rest.V2RootResource_JSONRPC2" name="test_owner_with_only_full_name" time="0.001"/>
<testcase classname="buildbot.test.unit.www.test_rest.V2RootResource_JSONRPC2" name="test_owner_without_email" time="0.001"/>
<testcase classname="buildbot.test.unit.www.test_rest.V2RootResource_JSONRPC2" name="test_valid" time="0.001"/>
<testcase classname="buildbot.test.unit.www.test_rest.V2RootResource_JSONRPC2" name="test_valid_fails" time="0.003"/>
<testcase classname="buildbot.test.unit.www.test_rest.V2RootResource_JSONRPC2" name="test_valid_int_id" time="0.001"/>
<testcase classname="buildbot.test.unit.www.test_rest.V2RootResource_REST" name="test_api_collection" time="0.001"/>
<testcase classname="buildbot.test.unit.www.test_rest.V2RootResource_REST" name="test_api_collection_fields" time="0.001"/>
<testcase classname="buildbot.test.unit.www.test_rest.V2RootResource_REST" name="test_api_collection_filter_and_order" time="0.001"/>
<testcase classname="buildbot.test.unit.www.test_rest.V2RootResource_REST" name="test_api_collection_filter_and_order_desc" time="0.001"/>
<testcase classname="buildbot.test.unit.www.test_rest.V2RootResource_REST" name="test_api_collection_filter_on_unselected" time="0.001"/>
<testcase classname="buildbot.test.unit.www.test_rest.V2RootResource_REST" name="test_api_collection_filter_pagination" time="0.001"/>
<testcase classname="buildbot.test.unit.www.test_rest.V2RootResource_REST" name="test_api_collection_invalid_field" time="0.001"/>
<testcase classname="buildbot.test.unit.www.test_rest.V2RootResource_REST" name="test_api_collection_invalid_filter_value" time="0.001"/>
<testcase classname="buildbot.test.unit.www.test_rest.V2RootResource_REST" name="test_api_collection_invalid_limit" time="0.001"/>
<testcase classname="buildbot.test.unit.www.test_rest.V2RootResource_REST" name="test_api_collection_invalid_offset" time="0.001"/>
<testcase classname="buildbot.test.unit.www.test_rest.V2RootResource_REST" name="test_api_collection_invalid_simple_filter_value" time="0.001"/>
<testcase classname="buildbot.test.unit.www.test_rest.V2RootResource_REST" name="test_api_collection_limit" time="0.001"/>
<testcase classname="buildbot.test.unit.www.test_rest.V2RootResource_REST" name="test_api_collection_limit_at_end" time="0.001"/>
<testcase classname="buildbot.test.unit.www.test_rest.V2RootResource_REST" name="test_api_collection_limit_past_end" time="0.001"/>
<testcase classname="buildbot.test.unit.www.test_rest.V2RootResource_REST" name="test_api_collection_list_filter" time="0.001"/>
<testcase classname="buildbot.test.unit.www.test_rest.V2RootResource_REST" name="test_api_collection_offset" time="0.001"/>
<testcase classname="buildbot.test.unit.www.test_rest.V2RootResource_REST" name="test_api_collection_offset_limit" time="0.001"/>
<testcase classname="buildbot.test.unit.www.test_rest.V2RootResource_REST" name="test_api_collection_offset_past_end" time="0.001"/>
<testcase classname="buildbot.test.unit.www.test_rest.V2RootResource_REST" name="test_api_collection_operator_filter" time="0.001"/>
<testcase classname="buildbot.test.unit.www.test_rest.V2RootResource_REST" name="test_api_collection_order" time="0.001"/>
<testcase classname="buildbot.test.unit.www.test_rest.V2RootResource_REST" name="test_api_collection_order_desc" time="0.001"/>
<testcase classname="buildbot.test.unit.www.test_rest.V2RootResource_REST" name="test_api_collection_order_on_unselected" time="0.002"/>
<testcase classname="buildbot.test.unit.www.test_rest.V2RootResource_REST" name="test_api_collection_simple_filter" time="0.001"/>
<testcase classname="buildbot.test.unit.www.test_rest.V2RootResource_REST" name="test_api_details" time="0.001"/>
<testcase classname="buildbot.test.unit.www.test_rest.V2RootResource_REST" name="test_api_details_fields" time="0.001"/>
<testcase classname="buildbot.test.unit.www.test_rest.V2RootResource_REST" name="test_api_details_filter_fails" time="0.001"/>
<testcase classname="buildbot.test.unit.www.test_rest.V2RootResource_REST" name="test_api_details_none" time="0.001"/>
<testcase classname="buildbot.test.unit.www.test_rest.V2RootResource_REST" name="test_api_fails" time="0.001"/>
<testcase classname="buildbot.test.unit.www.test_rest.V2RootResource_REST" name="test_api_head" time="0.001"/>
<testcase classname="buildbot.test.unit.www.test_rest.V2RootResource_REST" name="test_api_with_accept" time="0.001"/>
<testcase classname="buildbot.test.unit.www.test_rest.V2RootResource_REST" name="test_authz_forbidden" time="0.002"/>
<testcase classname="buildbot.test.unit.www.test_rest.V2RootResource_REST" name="test_decode_result_spec_limit" time="0.002"/>
<testcase classname="buildbot.test.unit.www.test_rest.V2RootResource_REST" name="test_decode_result_spec_not_a_collection_limit" time="0.001"/>
<testcase classname="buildbot.test.unit.www.test_rest.V2RootResource_REST" name="test_decode_result_spec_not_a_collection_offset" time="0.001"/>
<testcase classname="buildbot.test.unit.www.test_rest.V2RootResource_REST" name="test_decode_result_spec_not_a_collection_order" time="0.001"/>
<testcase classname="buildbot.test.unit.www.test_rest.V2RootResource_REST" name="test_decode_result_spec_not_a_collection_properties" time="0.001"/>
<testcase classname="buildbot.test.unit.www.test_rest.V2RootResource_REST" name="test_decode_result_spec_offset" time="0.001"/>
<testcase classname="buildbot.test.unit.www.test_rest.V2RootResource_REST" name="test_decode_result_spec_order" time="0.001"/>
<testcase classname="buildbot.test.unit.www.test_rest.V2RootResource_REST" name="test_decode_result_spec_properties" time="0.001"/>
<testcase classname="buildbot.test.unit.www.test_rest.V2RootResource_REST" name="test_decode_result_spec_raise_bad_request_on_bad_property_value" time="0.001"/>
<testcase classname="buildbot.test.unit.www.test_rest.V2RootResource_REST" name="test_invalid_query" time="0.001"/>
<testcase classname="buildbot.test.unit.www.test_rest.V2RootResource_REST" name="test_not_found" time="0.002"/>
<testcase classname="buildbot.test.unit.www.test_rest.V2RootResource_REST" name="test_raw" time="0.001"/>
<testcase classname="buildbot.test.unit.www.test_roles.RolesFromEmails" name="test_User1" time="0.001"/>
<testcase classname="buildbot.test.unit.www.test_roles.RolesFromEmails" name="test_User2" time="0.000"/>
<testcase classname="buildbot.test.unit.www.test_roles.RolesFromEmails" name="test_noUser" time="0.000"/>
<testcase classname="buildbot.test.unit.www.test_roles.RolesFromGroups" name="test_noBuildbotGroups" time="0.000"/>
<testcase classname="buildbot.test.unit.www.test_roles.RolesFromGroups" name="test_noGroups" time="0.000"/>
<testcase classname="buildbot.test.unit.www.test_roles.RolesFromGroups" name="test_someBuildbotGroups" time="0.000"/>
<testcase classname="buildbot.test.unit.www.test_roles.RolesFromOwner" name="test_noOwner" time="0.000"/>
<testcase classname="buildbot.test.unit.www.test_roles.RolesFromOwner" name="test_notOwner" time="0.000"/>
<testcase classname="buildbot.test.unit.www.test_roles.RolesFromOwner" name="test_owner" time="0.000"/>
<testcase classname="buildbot.test.unit.www.test_roles.RolesFromUsername" name="test_admin" time="0.000"/>
<testcase classname="buildbot.test.unit.www.test_roles.RolesFromUsername" name="test_anonymous" time="0.000"/>
<testcase classname="buildbot.test.unit.www.test_roles.RolesFromUsername" name="test_badUsernames" time="0.000"/>
<testcase classname="buildbot.test.unit.www.test_roles.RolesFromUsername" name="test_multipleGroups" time="0.000"/>
<testcase classname="buildbot.test.unit.www.test_roles.RolesFromUsername" name="test_normalUser" time="0.000"/>
<testcase classname="buildbot.test.unit.www.test_service.Test" name="test_reconfigService_expiration_time" time="0.026"/>
<testcase classname="buildbot.test.unit.www.test_service.Test" name="test_reconfigService_no_port" time="0.002"/>
<testcase classname="buildbot.test.unit.www.test_service.Test" name="test_reconfigService_port" time="0.002"/>
<testcase classname="buildbot.test.unit.www.test_service.Test" name="test_reconfigService_port_changes" time="0.001"/>
<testcase classname="buildbot.test.unit.www.test_service.Test" name="test_reconfigService_port_changes_to_none" time="0.001"/>
<testcase classname="buildbot.test.unit.www.test_service.Test" name="test_reconfigService_reconfigResources" time="0.001"/>
<testcase classname="buildbot.test.unit.www.test_service.Test" name="test_setupSite" time="0.001"/>
<testcase classname="buildbot.test.unit.www.test_service.Test" name="test_setupSiteWithHook" time="0.001"/>
<testcase classname="buildbot.test.unit.www.test_service.Test" name="test_setupSiteWithHookAndAuth" time="0.008"/>
<testcase classname="buildbot.test.unit.www.test_service.Test" name="test_setupSiteWithProtectedHook" time="0.001"/>
<testcase classname="buildbot.test.unit.www.test_service.TestBuildbotSite" name="test_absentServerHeader" time="0.000"/>
<testcase classname="buildbot.test.unit.www.test_service.TestBuildbotSite" name="test_getSession_from_bad_jwt" time="0.002"/>
<testcase classname="buildbot.test.unit.www.test_service.TestBuildbotSite" name="test_getSession_from_correct_jwt" time="0.001"/>
<testcase classname="buildbot.test.unit.www.test_service.TestBuildbotSite" name="test_getSession_from_expired_jwt" time="0.001"/>
<testcase classname="buildbot.test.unit.www.test_service.TestBuildbotSite" name="test_getSession_with_no_user_info" time="0.001"/>
<testcase classname="buildbot.test.unit.www.test_service.TestBuildbotSite" name="test_makeSession" time="0.001"/>
<testcase classname="buildbot.test.unit.www.test_service.TestBuildbotSite" name="test_updateSession" time="0.000"/>
<testcase classname="buildbot.test.unit.www.test_sse.EventResource" name="test_listen" time="0.002"/>
<testcase classname="buildbot.test.unit.www.test_sse.EventResource" name="test_listen_add_baduuid" time="0.001"/>
<testcase classname="buildbot.test.unit.www.test_sse.EventResource" name="test_listen_add_nouuid" time="0.001"/>
<testcase classname="buildbot.test.unit.www.test_sse.EventResource" name="test_listen_add_then_close" time="0.001"/>
<testcase classname="buildbot.test.unit.www.test_sse.EventResource" name="test_listen_add_then_remove" time="0.001"/>
<testcase classname="buildbot.test.unit.www.test_sse.EventResource" name="test_simpleapi" time="0.001"/>
<testcase classname="buildbot.test.unit.www.test_ws.WsResource" name="test_bad_cmd" time="0.072"/>
<testcase classname="buildbot.test.unit.www.test_ws.WsResource" name="test_connection_init" time="0.072"/>
<testcase classname="buildbot.test.unit.www.test_ws.WsResource" name="test_no_cmd" time="0.213"/>
<testcase classname="buildbot.test.unit.www.test_ws.WsResource" name="test_no_id" time="0.072"/>
<testcase classname="buildbot.test.unit.www.test_ws.WsResource" name="test_no_type_while_graphql" time="0.072"/>
<testcase classname="buildbot.test.unit.www.test_ws.WsResource" name="test_onConnect" time="0.072"/>
<testcase classname="buildbot.test.unit.www.test_ws.WsResource" name="test_ping" time="0.217"/>
<testcase classname="buildbot.test.unit.www.test_ws.WsResource" name="test_startConsuming" time="0.072"/>
<testcase classname="buildbot.test.unit.www.test_ws.WsResource" name="test_startConsumingBadPath" time="0.072"/>
<testcase classname="buildbot.test.unit.www.test_ws.WsResource" name="test_start_graphql_bad_query" time="0.211"/>
<testcase classname="buildbot.test.unit.www.test_ws.WsResource" name="test_start_stop_graphql" time="0.075"/>
<testcase classname="buildbot.test.unit.www.test_ws.WsResource" name="test_stopConsuming" time="0.073"/>
<testcase classname="buildbot.test.unit.www.test_ws.WsResource" name="test_stopConsumingNotRegistered" time="0.211"/>
<testcase classname="buildbot.test.unit.www.test_ws.WsResource" name="test_too_many_arguments" time="0.075"/>
<testcase classname="buildbot.test.unit.www.test_ws.WsResource" name="test_too_many_arguments_graphql" time="0.072"/>
<testcase classname="buildbot.test.unit.www.test_ws.WsResource" name="test_type_while_not_graphql" time="0.072"/>
</testsuite>
